#
# A fatal error has been detected by the Java Runtime Environment:
#
#  EXCEPTION_ACCESS_VIOLATION (0xc0000005) at pc=0x00007ff920a3ae19, pid=7308, tid=12196
#
# JRE version: Java(TM) SE Runtime Environment (22.0.2+9) (build 22.0.2+9-70)
# Java VM: Java HotSpot(TM) 64-Bit Server VM (22.0.2+9-70, mixed mode, sharing, tiered, compressed oops, compressed class ptrs, g1 gc, windows-amd64)
# Problematic frame:
# C  [awt.dll+0xdae19]
#
# No core dump will be written. Minidumps are not enabled by default on client versions of Windows
#
# If you would like to submit a bug report, please visit:
#   https://bugreport.java.com/bugreport/crash.jsp
# The crash happened outside the Java Virtual Machine in native code.
# See problematic frame for where to report the bug.
#

---------------  S U M M A R Y ------------

Command Line: -Dfile.encoding=UTF-8 Main

Host: Intel(R) Core(TM) i5-2320 CPU @ 3.00GHz, 4 cores, 9G,  Windows 10 , 64 bit Build 19041 (10.0.19041.5072)
Time: Sat Nov  2 02:58:29 2024 Sri Lanka Standard Time elapsed time: 11.451915 seconds (0d 0h 0m 11s)

---------------  T H R E A D  ---------------

Current thread (0x00000189bccd78b0):  JavaThread "AWT-EventQueue-0"        [_thread_in_native, id=12196, stack(0x00000054e3f00000,0x00000054e4000000) (1024K)]

Stack: [0x00000054e3f00000,0x00000054e4000000],  sp=0x00000054e3ffdd80,  free space=1015k
Native frames: (J=compiled Java code, j=interpreted, Vv=VM code, C=native code)
C  [awt.dll+0xdae19]  (no source info available)
C  [awt.dll+0x933cf]  (no source info available)
C  [awt.dll+0x992b6]  (no source info available)
C  [awt.dll+0xd58b1]  (no source info available)
C  [awt.dll+0x9a90a]  (no source info available)
C  0x00000189af03cec7  (no source info available)

The last pc belongs to native method entry point (kind = native) (printed below).
Java frames: (J=compiled Java code, j=interpreted, Vv=VM code)
j  sun.awt.windows.WComponentPeer._setBackground(I)V+0 java.desktop@22.0.2
j  sun.awt.windows.WComponentPeer.setBackground(Ljava/awt/Color;)V+10 java.desktop@22.0.2
j  sun.awt.windows.WWindowPeer.setBackground(Ljava/awt/Color;)V+2 java.desktop@22.0.2
j  java.awt.Component.setBackground(Ljava/awt/Color;)V+30 java.desktop@22.0.2
j  java.awt.Window.setBackground(Ljava/awt/Color;)V+7 java.desktop@22.0.2
j  java.awt.Frame.setBackground(Ljava/awt/Color;)V+40 java.desktop@22.0.2
j  com.formdev.flatlaf.ui.FlatRootPaneUI.installDefaults(Ljavax/swing/JRootPane;)V+124
j  javax.swing.plaf.basic.BasicRootPaneUI.installUI(Ljavax/swing/JComponent;)V+5 java.desktop@22.0.2
j  com.formdev.flatlaf.ui.FlatRootPaneUI.installUI(Ljavax/swing/JComponent;)V+2
j  javax.swing.JComponent.setUI(Ljavax/swing/plaf/ComponentUI;)V+52 java.desktop@22.0.2
j  javax.swing.JRootPane.setUI(Ljavax/swing/plaf/RootPaneUI;)V+2 java.desktop@22.0.2
j  javax.swing.JRootPane.updateUI()V+8 java.desktop@22.0.2
j  javax.swing.SwingUtilities.updateComponentTreeUI0(Ljava/awt/Component;)V+13 java.desktop@22.0.2
j  javax.swing.SwingUtilities.updateComponentTreeUI0(Ljava/awt/Component;)V+90 java.desktop@22.0.2
j  javax.swing.SwingUtilities.updateComponentTreeUI(Ljava/awt/Component;)V+1 java.desktop@22.0.2
j  views.dashboard.Dashboard.<init>(Lmodels/LoginModel;)V+114
j  views.signIn.SignIn.SignInButtonActionPerformed(Ljava/awt/event/ActionEvent;)V+98
j  views.signIn.SignIn$2.actionPerformed(Ljava/awt/event/ActionEvent;)V+5
j  javax.swing.AbstractButton.fireActionPerformed(Ljava/awt/event/ActionEvent;)V+84 java.desktop@22.0.2
j  javax.swing.AbstractButton$Handler.actionPerformed(Ljava/awt/event/ActionEvent;)V+5 java.desktop@22.0.2
j  javax.swing.DefaultButtonModel.fireActionPerformed(Ljava/awt/event/ActionEvent;)V+34 java.desktop@22.0.2
j  javax.swing.DefaultButtonModel.setPressed(Z)V+117 java.desktop@22.0.2
j  javax.swing.plaf.basic.BasicButtonListener.mouseReleased(Ljava/awt/event/MouseEvent;)V+35 java.desktop@22.0.2
j  java.awt.Component.processMouseEvent(Ljava/awt/event/MouseEvent;)V+64 java.desktop@22.0.2
j  javax.swing.JComponent.processMouseEvent(Ljava/awt/event/MouseEvent;)V+23 java.desktop@22.0.2
j  java.awt.Component.processEvent(Ljava/awt/AWTEvent;)V+81 java.desktop@22.0.2
j  java.awt.Container.processEvent(Ljava/awt/AWTEvent;)V+18 java.desktop@22.0.2
j  java.awt.Component.dispatchEventImpl(Ljava/awt/AWTEvent;)V+504 java.desktop@22.0.2
j  java.awt.Container.dispatchEventImpl(Ljava/awt/AWTEvent;)V+42 java.desktop@22.0.2
j  java.awt.Component.dispatchEvent(Ljava/awt/AWTEvent;)V+2 java.desktop@22.0.2
j  java.awt.LightweightDispatcher.retargetMouseEvent(Ljava/awt/Component;ILjava/awt/event/MouseEvent;)V+349 java.desktop@22.0.2
j  java.awt.LightweightDispatcher.processMouseEvent(Ljava/awt/event/MouseEvent;)Z+155 java.desktop@22.0.2
j  java.awt.LightweightDispatcher.dispatchEvent(Ljava/awt/AWTEvent;)Z+50 java.desktop@22.0.2
j  java.awt.Container.dispatchEventImpl(Ljava/awt/AWTEvent;)V+12 java.desktop@22.0.2
j  java.awt.Window.dispatchEventImpl(Ljava/awt/AWTEvent;)V+19 java.desktop@22.0.2
j  java.awt.Component.dispatchEvent(Ljava/awt/AWTEvent;)V+2 java.desktop@22.0.2
j  java.awt.EventQueue.dispatchEventImpl(Ljava/awt/AWTEvent;Ljava/lang/Object;)V+41 java.desktop@22.0.2
j  java.awt.EventQueue$4.run()Ljava/lang/Void;+32 java.desktop@22.0.2
j  java.awt.EventQueue$4.run()Ljava/lang/Object;+1 java.desktop@22.0.2
J 1486 c1 java.security.ProtectionDomain$JavaSecurityAccessImpl.doIntersectionPrivilege(Ljava/security/PrivilegedAction;Ljava/security/AccessControlContext;Ljava/security/AccessControlContext;)Ljava/lang/Object; java.base@22.0.2 (22 bytes) @ 0x00000189a7d76b64 [0x00000189a7d768c0+0x00000000000002a4]
j  java.security.ProtectionDomain$JavaSecurityAccessImpl.doIntersectionPrivilege(Ljava/security/PrivilegedAction;Ljava/security/AccessControlContext;)Ljava/lang/Object;+6 java.base@22.0.2
j  java.awt.EventQueue$5.run()Ljava/lang/Void;+11 java.desktop@22.0.2
j  java.awt.EventQueue$5.run()Ljava/lang/Object;+1 java.desktop@22.0.2
J 1486 c1 java.security.ProtectionDomain$JavaSecurityAccessImpl.doIntersectionPrivilege(Ljava/security/PrivilegedAction;Ljava/security/AccessControlContext;Ljava/security/AccessControlContext;)Ljava/lang/Object; java.base@22.0.2 (22 bytes) @ 0x00000189a7d76b64 [0x00000189a7d768c0+0x00000000000002a4]
j  java.awt.EventQueue.dispatchEvent(Ljava/awt/AWTEvent;)V+73 java.desktop@22.0.2
j  java.awt.EventDispatchThread.pumpOneEventForFilters(I)V+81 java.desktop@22.0.2
j  java.awt.EventDispatchThread.pumpEventsForFilter(ILjava/awt/Conditional;Ljava/awt/EventFilter;)V+35 java.desktop@22.0.2
j  java.awt.EventDispatchThread.pumpEventsForHierarchy(ILjava/awt/Conditional;Ljava/awt/Component;)V+11 java.desktop@22.0.2
j  java.awt.EventDispatchThread.pumpEvents(ILjava/awt/Conditional;)V+4 java.desktop@22.0.2
j  java.awt.EventDispatchThread.pumpEvents(Ljava/awt/Conditional;)V+3 java.desktop@22.0.2
j  java.awt.EventDispatchThread.run()V+9 java.desktop@22.0.2
v  ~StubRoutines::call_stub 0x00000189af03100d

siginfo: EXCEPTION_ACCESS_VIOLATION (0xc0000005), reading address 0x0000007865646e69


Registers:
RAX=0x0000007865646e69, RBX=0x00000189bcb0bab0, RCX=0x0000000000000000, RDX=0x0000000000000000
RSP=0x00000054e3ffdd80, RBP=0x00000000fffffff5, RSI=0x00000189bc33cf00, RDI=0x0000000000000000
R8 =0x0000000000000001, R9 =0x0000000768a08558, R10=0x00007ff914e22210, R11=0x00000054e3ffdd90
R12=0x0000000000000000, R13=0x00000189801d3558, R14=0x00000189841156c0, R15=0x00000189bccd78b0
RIP=0x00007ff920a3ae19, EFLAGS=0x0000000000010246


Register to memory mapping:

RAX=0x0000007865646e69 is an unknown value
RBX=0x00000189bcb0bab0 points into unknown readable memory: 0x00000189bcc5e750 | 50 e7 c5 bc 89 01 00 00
RCX=0x0 is null
RDX=0x0 is null
RSP=0x00000054e3ffdd80 is pointing into the stack for thread: 0x00000189bccd78b0
RBP=0x00000000fffffff5 is an unknown value
RSI=0x00000189bc33cf00 points into unknown readable memory: 0x00000189bcc23b22 | 22 3b c2 bc 89 01 00 00
RDI=0x0 is null
R8 =0x0000000000000001 is an unknown value
R9 =0x0000000768a08558 is an oop: sun.awt.windows.WFramePeer 
{0x0000000768a08558} - klass: 'sun/awt/windows/WFramePeer'
 - ---- fields (total size 19 words):
 - private volatile 'destroyed' 'Z' @12  false (0x00)
 - private volatile 'disposed' 'Z' @13  false (0x00)
 - volatile 'pData' 'J' @16  1690137876160 (0x00000189841156c0)
 - volatile 'target' 'Ljava/lang/Object;' @24  a 'views/dashboard/Dashboard'{0x0000000768b31688} (0xed1662d1)
 - volatile 'createError' 'Ljava/lang/Error;' @28  null (0x00000000)
 - private final 'stateLock' 'Ljava/lang/Object;' @32  a 'java/lang/Object'{0x00000007609cc0c0} (0xec139818)
 - private volatile 'childPeers' 'Ljava/util/Map;' @36  null (0x00000000)
 - 'isLayouting' 'Z' @14  false (0x00)
 - 'paintPending' 'Z' @15  false (0x00)
 - protected volatile 'hwnd' 'J' @40  329616 (0x0000000000050790)
 - 'nativeDropTargetContext' 'J' @48  0 (0x0000000000000000)
 - 'oldWidth' 'I' @56  1316 (0x00000524)
 - 'oldHeight' 'I' @60  720 (0x000002d0)
 - private 'numBackBuffers' 'I' @64  0 (0x00000000)
 - 'nDropTargets' 'I' @68  0 (0x00000000)
 - public 'serialNum' 'I' @72  3 (0x00000003)
 - private 'updateX1' 'I' @76  0 (0x00000000)
 - private 'updateY1' 'I' @80  0 (0x00000000)
 - private 'updateX2' 'I' @84  0 (0x00000000)
 - private 'updateY2' 'I' @88  0 (0x00000000)
 - private volatile 'isAccelCapable' 'Z' @92  true (0x01)
 - 'surfaceData' 'Lsun/java2d/SurfaceData;' @96  a 'sun/java2d/windows/GDIWindowSurfaceData'{0x00000007609cc0d0} (0xec13981a)
 - private 'paintArea' 'Lsun/awt/RepaintArea;' @100  a 'sun/awt/RepaintArea'{0x00000007609cc150} (0xec13982a)
 - protected 'winGraphicsConfig' 'Lsun/awt/Win32GraphicsConfig;' @104  a 'sun/awt/Win32GraphicsConfig'{0x0000000760530c98} (0xec0a6193)
 - private 'backBuffer' 'Ljava/awt/image/VolatileImage;' @108  null (0x00000000)
 - private 'backBufferCaps' 'Ljava/awt/BufferCapabilities;' @112  null (0x00000000)
 - private 'foreground' 'Ljava/awt/Color;' @116  a 'java/awt/SystemColor'{0x00000007605314e8} (0xec0a629d)
 - private 'background' 'Ljava/awt/Color;' @120  a 'javax/swing/plaf/ColorUIResource'{0x0000000760531510} (0xec0a62a2)
 - private 'font' 'Ljava/awt/Font;' @124  a 'java/awt/Font'{0x0000000760531530} (0xec0a62a6)
 - private 'eraseBackground' 'Z' @93  false (0x00)
 - 'insets_' 'Ljava/awt/Insets;' @128  a 'java/awt/Insets'{0x00000007609cc180} (0xec139830)
 - private 'isOpaque' 'Z' @94  true (0x01)
 - private 'opacity' 'F' @132  1.000000 (0x3f800000)
 - private 'modalBlocker' 'Lsun/awt/windows/WWindowPeer;' @136  null (0x00000000)
 - private 'painter' 'Lsun/awt/windows/TranslucentWindowPainter;' @140  null (0x00000000)
 - private 'windowListener' 'Ljava/awt/event/WindowListener;' @144  null (0x00000000)
 - private volatile 'windowType' 'Ljava/awt/Window$Type;' @148  a 'java/awt/Window$Type'{0x0000000760547220} (0xec0a8e44)
R10=0x00007ff914e22210 jvm.dll
R11=0x00000054e3ffdd90 is pointing into the stack for thread: 0x00000189bccd78b0
R12=0x0 is null
R13={method} {0x00000189801d3560} '_setBackground' '(I)V' in 'sun/awt/windows/WComponentPeer'
R14=0x00000189841156c0 points into unknown readable memory: 0x00007ff920a6b8e0 | e0 b8 a6 20 f9 7f 00 00
R15=0x00000189bccd78b0 is a thread

Top of Stack: (sp=0x00000054e3ffdd80)
0x00000054e3ffdd80:   00007ff920a99848 00000189841156c0
0x00000054e3ffdd90:   00000189841156c0 0000000002f5f5f5
0x00000054e3ffdda0:   0000000002f5f5f5 00007ff9209f33cf
0x00000054e3ffddb0:   00000189841156c0 00000189bcb0bab0
0x00000054e3ffddc0:   00000189bc33cf00 00000000fff5f5f5
0x00000054e3ffddd0:   00000189bcc23b22 00007ff9209f92b6
0x00000054e3ffdde0:   00000189bccd7c70 00000189bc33cf00
0x00000054e3ffddf0:   00000189bcc23b22 00000054e3ff0000
0x00000054e3ffde00:   00000189bc33cf00 00007ff920a358b1
0x00000054e3ffde10:   00000054e3ffdf10 00007ff920aa6088
0x00000054e3ffde20:   00000054e3ffdee8 00007ff9209f91d0
0x00000054e3ffde30:   00000054e3ffdf10 00007ff9209fa90a
0x00000054e3ffde40:   00000189bcc23b22 00000000fff5f5f5
0x00000054e3ffde50:   00000189af5fea40 00007ff920aa6088
0x00000054e3ffde60:   00000189808270f8 00000189af03cec7
0x00000054e3ffde70:   00000189801d3558 0000000760531510
0x00000054e3ffde80:   00000054e3ffdeb8 00000189a7c3de98
0x00000054e3ffde90:   000001898023b2c0 0000000760531510
0x00000054e3ffdea0:   fffffffffffffff7 0000000000000000
0x00000054e3ffdeb0:   0000000000000005 00000189801d8850
0x00000054e3ffdec0:   0000000000000000 000000076045d028
0x00000054e3ffded0:   00000189801d3558 0000000000000000
0x00000054e3ffdee0:   00000054e3ffdf08 00000054e3ffdf70
0x00000054e3ffdef0:   00000189af0388c0 0000000000000000
0x00000054e3ffdf00:   00000189af03a517 00000000fff5f5f5
0x00000054e3ffdf10:   0000000768a08558 00000032c649a309
0x00000054e3ffdf20:   0000000768a08558 fffffffffffffff5
0x00000054e3ffdf30:   00000189801d335a 0000000000000003
0x00000054e3ffdf40:   00000189801d8850 0000000000000000
0x00000054e3ffdf50:   000000076045d028 00000189801d3380
0x00000054e3ffdf60:   fffffffffffffff3 00000054e3ffdf80
0x00000054e3ffdf70:   00000054e3ffdfd8 00000189af0388c0 

Instructions: (pc=0x00007ff920a3ae19)
0x00007ff920a3ad19:   00 00 41 b9 08 00 00 00 4c 8d 05 58 4d 03 00 48
0x00007ff920a3ad29:   8d 15 61 9d 02 00 48 8b cf e8 fd 03 01 00 eb 02
0x00007ff920a3ad39:   33 c0 48 8b 8c 24 98 00 00 00 48 33 cc e8 a5 04
0x00007ff920a3ad49:   01 00 4c 8d 9c 24 a0 00 00 00 49 8b 5b 40 49 8b
0x00007ff920a3ad59:   73 48 49 8b e3 41 5f 41 5e 41 5d 41 5c 5f c3 cc
0x00007ff920a3ad69:   cc cc cc cc cc cc cc 48 89 5c 24 08 48 89 6c 24
0x00007ff920a3ad79:   10 48 89 74 24 18 57 48 83 ec 20 41 8b f8 0f b6
0x00007ff920a3ad89:   f2 48 8b e9 e8 0e cf f4 ff 48 8b d8 48 89 44 24
0x00007ff920a3ad99:   48 41 b8 01 00 00 00 8b d7 48 8b c8 e8 76 ce f4
0x00007ff920a3ada9:   ff 48 8b c8 44 0f b6 c6 48 8b d5 e8 97 fa ff ff
0x00007ff920a3adb9:   48 8b f8 48 8b cb e8 9c d0 f4 ff 90 48 8b c7 48
0x00007ff920a3adc9:   8b 5c 24 30 48 8b 6c 24 38 48 8b 74 24 40 48 83
0x00007ff920a3add9:   c4 20 5f c3 cc cc cc 48 8b 49 28 e9 07 07 00 00
0x00007ff920a3ade9:   cc cc cc cc cc cc cc 48 89 5c 24 08 57 48 83 ec
0x00007ff920a3adf9:   20 8b f9 e8 9f ce f4 ff 48 8b d8 48 89 44 24 38
0x00007ff920a3ae09:   41 b8 01 00 00 00 8b d7 48 8b c8 e8 07 ce f4 ff
0x00007ff920a3ae19:   48 8b 08 8b 39 48 8b cb e8 3a d0 f4 ff 90 8b c7
0x00007ff920a3ae29:   48 8b 5c 24 30 48 83 c4 20 5f c3 cc cc cc cc cc
0x00007ff920a3ae39:   cc cc cc cc cc cc cc 48 89 5c 24 08 57 48 83 ec
0x00007ff920a3ae49:   20 8b f9 e8 4f ce f4 ff 48 8b d8 48 89 44 24 38
0x00007ff920a3ae59:   41 b8 01 00 00 00 8b d7 48 8b c8 e8 b7 cd f4 ff
0x00007ff920a3ae69:   48 8b 78 28 48 8b cb e8 eb cf f4 ff 90 48 8b c7
0x00007ff920a3ae79:   48 8b 5c 24 30 48 83 c4 20 5f c3 cc cc cc cc cc
0x00007ff920a3ae89:   cc cc cc cc cc cc cc 48 89 5c 24 08 57 48 83 ec
0x00007ff920a3ae99:   20 8b f9 e8 ff cd f4 ff 48 8b d8 48 89 44 24 38
0x00007ff920a3aea9:   41 b8 01 00 00 00 8b d7 48 8b c8 e8 67 cd f4 ff
0x00007ff920a3aeb9:   48 8b 78 30 48 8b cb e8 9b cf f4 ff 90 48 8b c7
0x00007ff920a3aec9:   48 8b 5c 24 30 48 83 c4 20 5f c3 cc cc cc cc cc
0x00007ff920a3aed9:   cc cc cc cc cc cc cc 48 89 5c 24 08 57 48 83 ec
0x00007ff920a3aee9:   20 8b f9 e8 af cd f4 ff 48 8b d8 48 89 44 24 38
0x00007ff920a3aef9:   41 b8 01 00 00 00 8b d7 48 8b c8 e8 17 cd f4 ff
0x00007ff920a3af09:   48 8b 78 08 48 85 ff 74 07 48 8b bf 08 0c 00 00 


Stack slot to memory mapping:

stack at sp + 0 slots: 0x00007ff920a99848 awt.dll
stack at sp + 1 slots: 0x00000189841156c0 points into unknown readable memory: 0x00007ff920a6b8e0 | e0 b8 a6 20 f9 7f 00 00
stack at sp + 2 slots: 0x00000189841156c0 points into unknown readable memory: 0x00007ff920a6b8e0 | e0 b8 a6 20 f9 7f 00 00
stack at sp + 3 slots: 0x0000000002f5f5f5 is an unknown value
stack at sp + 4 slots: 0x0000000002f5f5f5 is an unknown value
stack at sp + 5 slots: 0x00007ff9209f33cf awt.dll
stack at sp + 6 slots: 0x00000189841156c0 points into unknown readable memory: 0x00007ff920a6b8e0 | e0 b8 a6 20 f9 7f 00 00
stack at sp + 7 slots: 0x00000189bcb0bab0 points into unknown readable memory: 0x00000189bcc5e750 | 50 e7 c5 bc 89 01 00 00

native method entry point (kind = native)  [0x00000189af03caa0, 0x00000189af03d5c0]  2848 bytes
[MachCode]
  0x00000189af03caa0: 488b 4b08 | 0fb7 492e | 584c 8d74 | ccf8 6800 | 0000 0068 | 0000 0000 | 5055 488b | ec41 5568 
  0x00000189af03cac0: 0000 0000 | 4c8b 6b08 | 4d8d 6d38 | 5348 8b53 | 0848 8b52 | 0848 8b52 | 1848 8b52 | 7048 8b12 
  0x00000189af03cae0: 5248 8b53 | 1048 85d2 | 0f84 0700 | 0000 4881 | c210 0100 | 0052 488b | 5308 488b | 5208 488b 
  0x00000189af03cb00: 5210 5249 | 8bc6 482b | c548 c1e8 | 0350 6800 | 0000 0068 | f7ff ffff | 41c6 8781 | 0400 0001 
  0x00000189af03cb20: 488b 4310 | 4885 c074 | 208b 88cc | 0000 0083 | c102 8988 | cc00 0000 | 2388 e000 | 0000 0f84 
  0x00000189af03cb40: cb09 0000 | e9cf 0000 | 0048 8b43 | 1848 85c0 | 0f85 b000 | 0000 e805 | 0000 00e9 | 9900 0000 
  0x00000189af03cb60: 488b d348 | 8d44 2408 | 4c89 6dc0 | 498b cfc5 | f877 4989 | afb0 0300 | 0049 8987 | a003 0000 
  0x00000189af03cb80: 4883 ec20 | 40f6 c40f | 0f84 1900 | 0000 4883 | ec08 48b8 | 00a7 5814 | f97f 0000 | ffd0 4883 
  0x00000189af03cba0: c408 e90c | 0000 0048 | b800 a758 | 14f9 7f00 | 00ff d048 | 83c4 2049 | c787 a003 | 0000 0000 
  0x00000189af03cbc0: 0000 49c7 | 87b0 0300 | 0000 0000 | 0049 c787 | a803 0000 | 0000 0000 | c5f8 7749 | 837f 0800 
  0x00000189af03cbe0: 0f84 0500 | 0000 e915 | 43ff ff4c | 8b6d c04c | 8b75 c84e | 8d74 f500 | c348 8b43 | 1848 85c0 
  0x00000189af03cc00: 0f84 1200 | 0000 8b48 | 0883 c102 | 8948 0823 | 481c 0f84 | f708 0000 | 493b a7f0 | 0400 000f 
  0x00000189af03cc20: 8748 0000 | 0089 8424 | 00f0 ffff | 8984 2400 | e0ff ff89 | 8424 00d0 | ffff 8984 | 2400 c0ff 
  0x00000189af03cc40: ff89 8424 | 00b0 ffff | 8984 2400 | a0ff ff89 | 8424 0090 | ffff 8984 | 2400 80ff | ff49 3ba7 
  0x00000189af03cc60: e804 0000 | 7607 4989 | a7f0 0400 | 0041 c687 | 8104 0000 | 0049 ba6c | 40df 14f9 | 7f00 0041 
  0x00000189af03cc80: 803a 000f | 843e 0000 | 0048 8b55 | e849 8bcf | 4883 ec20 | 40f6 c40f | 0f84 1900 | 0000 4883 
  0x00000189af03cca0: ec08 48b8 | 80b9 8f14 | f97f 0000 | ffd0 4883 | c408 e90c | 0000 0048 | b880 b98f | 14f9 7f00 
  0x00000189af03ccc0: 00ff d048 | 83c4 2048 | 8b5d e84c | 8b5b 0845 | 0fb7 5b2e | 41c1 e303 | 492b e348 | 83ec 2048 
  0x00000189af03cce0: 83e4 f04c | 8b5b 604d | 85db 0f85 | ab00 0000 | e805 0000 | 00e9 9900 | 0000 488b | d348 8d44 
  0x00000189af03cd00: 2408 4c89 | 6dc0 498b | cfc5 f877 | 4989 afb0 | 0300 0049 | 8987 a003 | 0000 4883 | ec20 40f6 
  0x00000189af03cd20: c40f 0f84 | 1900 0000 | 4883 ec08 | 48b8 20ce | 5814 f97f | 0000 ffd0 | 4883 c408 | e90c 0000 
  0x00000189af03cd40: 0048 b820 | ce58 14f9 | 7f00 00ff | d048 83c4 | 2049 c787 | a003 0000 | 0000 0000 | 49c7 87b0 
  0x00000189af03cd60: 0300 0000 | 0000 0049 | c787 a803 | 0000 0000 | 0000 c5f8 | 7749 837f | 0800 0f84 | 0500 0000 
  0x00000189af03cd80: e97b 41ff | ff4c 8b6d | c04c 8b75 | c84e 8d74 | f500 c348 | 8b5d e84c | 8b5b 6041 | ffd3 488b 
  0x00000189af03cda0: 5de8 4889 | 4518 448b | 5b28 41f6 | c308 0f84 | 1b00 0000 | 4c8b 5b08 | 4d8b 5b08 | 4d8b 5b18 
  0x00000189af03cdc0: 4d8b 5b70 | 4d8b 1b4c | 895d 1048 | 8d55 1048 | 8b43 5849 | ba80 1090 | 14f9 7f00 | 0049 3bc2 
  0x00000189af03cde0: 0f85 ab00 | 0000 e805 | 0000 00e9 | 9900 0000 | 488b d348 | 8d44 2408 | 4c89 6dc0 | 498b cfc5 
  0x00000189af03ce00: f877 4989 | afb0 0300 | 0049 8987 | a003 0000 | 4883 ec20 | 40f6 c40f | 0f84 1900 | 0000 4883 
  0x00000189af03ce20: ec08 48b8 | 20ce 5814 | f97f 0000 | ffd0 4883 | c408 e90c | 0000 0048 | b820 ce58 | 14f9 7f00 
  0x00000189af03ce40: 00ff d048 | 83c4 2049 | c787 a003 | 0000 0000 | 0000 49c7 | 87b0 0300 | 0000 0000 | 0049 c787 
  0x00000189af03ce60: a803 0000 | 0000 0000 | c5f8 7749 | 837f 0800 | 0f84 0500 | 0000 e985 | 40ff ff4c | 8b6d c04c 
  0x00000189af03ce80: 8b75 c84e | 8d74 f500 | c348 8b5d | e848 8b43 | 5849 8d8f | c003 0000 | c5f8 7749 | 89af b003 
  0x00000189af03cea0: 0000 49ba | 98ce 03af | 8901 0000 | 4d89 97a8 | 0300 0049 | 89a7 a003 | 0000 41c7 | 8754 0400 
  0x00000189af03cec0: 0004 0000 | 00ff d0c5 | f877 4883 | ec10 c5fb | 1104 2448 | 83ec 1048 | 8904 2448 | c744 2408 
  0x00000189af03cee0: 0000 0000 | 41c7 8754 | 0400 0005 | 0000 00f0 | 8344 24c0 | 0049 3baf | 5804 0000 | 0f87 0e00 
  0x00000189af03cf00: 0000 4183 | bf50 0400 | 0000 0f84 | 2000 0000 | 498b cf4c | 8be4 4883 | ec20 4883 | e4f0 48b8 
  0x00000189af03cf20: 4023 5a14 | f97f 0000 | ffd0 498b | e44d 33e4 | 41c7 8754 | 0400 0008 | 0000 0049 | c787 a003 
  0x00000189af03cf40: 0000 0000 | 0000 49c7 | 87b0 0300 | 0000 0000 | 0049 c787 | a803 0000 | 0000 0000 | c5f8 774d 
  0x00000189af03cf60: 8b9f 3004 | 0000 41c7 | 8300 0100 | 0000 0000 | 0049 bb1a | a503 af89 | 0100 004c | 3b5d 180f 
  0x00000189af03cf80: 8524 0200 | 0048 8b04 | 2448 83c4 | 1048 85c0 | 0f84 fe01 | 0000 a803 | 0f85 0800 | 0000 488b 
  0x00000189af03cfa0: 00e9 ee01 | 0000 a801 | 0f85 0900 | 0000 488b | 40fe e9dd | 0100 0048 | 8b40 ff41 | 807f 3800 
  0x00000189af03cfc0: 0f84 ce01 | 0000 4883 | f800 0f84 | c401 0000 | 4d8b 5f28 | 4983 fb00 | 0f84 1400 | 0000 4983 
  0x00000189af03cfe0: eb08 4d89 | 5f28 4d03 | 5f30 4989 | 03e9 a201 | 0000 4881 | ecd0 0000 | 0048 8904 | 2448 894c 
  0x00000189af03d000: 2408 4889 | 5424 1048 | 8974 2418 | 4889 7c24 | 204c 8944 | 2428 4c89 | 4c24 304c | 8954 2438 
  0x00000189af03d020: 4c89 5c24 | 40c5 fb11 | 4424 50c5 | fb11 4c24 | 58c5 fb11 | 5424 60c5 | fb11 5c24 | 68c5 fb11 
  0x00000189af03d040: 6424 70c5 | fb11 6c24 | 78c5 fb11 | b424 8000 | 0000 c5fb | 11bc 2488 | 0000 00c5 | 7b11 8424 
  0x00000189af03d060: 9000 0000 | c57b 118c | 2498 0000 | 00c5 7b11 | 9424 a000 | 0000 c57b | 119c 24a8 | 0000 00c5 
  0x00000189af03d080: 7b11 a424 | b000 0000 | c57b 11ac | 24b8 0000 | 00c5 7b11 | b424 c000 | 0000 c57b | 11bc 24c8 
  0x00000189af03d0a0: 0000 0049 | 8bd7 488b | c848 83ec | 2040 f6c4 | 0f0f 8419 | 0000 0048 | 83ec 0848 | b830 3f4d 
  0x00000189af03d0c0: 14f9 7f00 | 00ff d048 | 83c4 08e9 | 0c00 0000 | 48b8 303f | 4d14 f97f | 0000 ffd0 | 4883 c420 
  0x00000189af03d0e0: c57b 10bc | 24c8 0000 | 00c5 7b10 | b424 c000 | 0000 c57b | 10ac 24b8 | 0000 00c5 | 7b10 a424 
  0x00000189af03d100: b000 0000 | c57b 109c | 24a8 0000 | 00c5 7b10 | 9424 a000 | 0000 c57b | 108c 2498 | 0000 00c5 
  0x00000189af03d120: 7b10 8424 | 9000 0000 | c5fb 10bc | 2488 0000 | 00c5 fb10 | b424 8000 | 0000 c5fb | 106c 2478 
  0x00000189af03d140: c5fb 1064 | 2470 c5fb | 105c 2468 | c5fb 1054 | 2460 c5fb | 104c 2458 | c5fb 1044 | 2450 4c8b 
  0x00000189af03d160: 5c24 404c | 8b54 2438 | 4c8b 4c24 | 304c 8b44 | 2428 488b | 7c24 2048 | 8b74 2418 | 488b 5424 
  0x00000189af03d180: 1048 8b4c | 2408 488b | 0424 4881 | c4d0 0000 | 00c5 f877 | 4889 4510 | 4883 ec10 | 4889 0424 
  0x00000189af03d1a0: 48c7 4424 | 0800 0000 | 0041 83bf | d004 0000 | 020f 85bf | 0000 0048 | 81ec 8000 | 0000 4889 
  0x00000189af03d1c0: 4424 7848 | 894c 2470 | 4889 5424 | 6848 895c | 2460 4889 | 6c24 5048 | 8974 2448 | 4889 7c24 
  0x00000189af03d1e0: 404c 8944 | 2438 4c89 | 4c24 304c | 8954 2428 | 4c89 5c24 | 204c 8964 | 2418 4c89 | 6c24 104c 
  0x00000189af03d200: 8974 2408 | 4c89 3c24 | 4c8b e448 | 83ec 2048 | 83e4 f048 | b8d0 f18f | 14f9 7f00 | 00ff d049 
  0x00000189af03d220: 8be4 4c8b | 3c24 4c8b | 7424 084c | 8b6c 2410 | 4c8b 6424 | 184c 8b5c | 2420 4c8b | 5424 284c 
  0x00000189af03d240: 8b4c 2430 | 4c8b 4424 | 3848 8b7c | 2440 488b | 7424 4848 | 8b6c 2450 | 488b 5c24 | 6048 8b54 
  0x00000189af03d260: 2468 488b | 4c24 7048 | 8b44 2478 | 4881 c480 | 0000 004d | 33e4 488b | 5de8 4c8b | 6b08 4d8d 
  0x00000189af03d280: 6d38 4983 | 7f08 000f | 84bb 0000 | 00e8 0500 | 0000 e996 | 0000 0048 | 8d44 2408 | 4c89 6dc0 
  0x00000189af03d2a0: 498b cfc5 | f877 4989 | afb0 0300 | 0049 8987 | a003 0000 | 4883 ec20 | 40f6 c40f | 0f84 1900 
  0x00000189af03d2c0: 0000 4883 | ec08 48b8 | 60ec 5814 | f97f 0000 | ffd0 4883 | c408 e90c | 0000 0048 | b860 ec58 
  0x00000189af03d2e0: 14f9 7f00 | 00ff d048 | 83c4 2049 | c787 a003 | 0000 0000 | 0000 49c7 | 87b0 0300 | 0000 0000 
  0x00000189af03d300: 0049 c787 | a803 0000 | 0000 0000 | c5f8 7749 | 837f 0800 | 0f84 0500 | 0000 e9e1 | 3bff ff4c 
  0x00000189af03d320: 8b6d c04c | 8b75 c84e | 8d74 f500 | c348 b9c0 | 28b7 14f9 | 7f00 0048 | 83e4 f048 | b830 997e 
  0x00000189af03d340: 14f9 7f00 | 00ff d0f4 | 448b 5b28 | 41f6 c320 | 0f84 4401 | 0000 488d | 55a8 4c8b | 5a08 4d85 
  0x00000189af03d360: db0f 85bb | 0000 00e8 | 0500 0000 | e996 0000 | 0048 8d44 | 2408 4c89 | 6dc0 498b | cfc5 f877 
  0x00000189af03d380: 4989 afb0 | 0300 0049 | 8987 a003 | 0000 4883 | ec20 40f6 | c40f 0f84 | 1900 0000 | 4883 ec08 
  0x00000189af03d3a0: 48b8 90eb | 5814 f97f | 0000 ffd0 | 4883 c408 | e90c 0000 | 0048 b890 | eb58 14f9 | 7f00 00ff 
  0x00000189af03d3c0: d048 83c4 | 2049 c787 | a003 0000 | 0000 0000 | 49c7 87b0 | 0300 0000 | 0000 0049 | c787 a803 
  0x00000189af03d3e0: 0000 0000 | 0000 c5f8 | 7749 837f | 0800 0f84 | 0500 0000 | e907 3bff | ff4c 8b6d | c04c 8b75 
  0x00000189af03d400: c84e 8d74 | f500 c348 | b9c0 28b7 | 14f9 7f00 | 0048 83e4 | f048 b830 | 997e 14f9 | 7f00 00ff 
  0x00000189af03d420: d0f4 4c89 | 6dc0 488d | 024c 8b4a | 0848 c742 | 0800 0000 | 004c 8b00 | 4d85 c00f | 840b 0000 
  0x00000189af03d440: 00f0 4d0f | b101 0f85 | 0c00 0000 | 49ff 8f58 | 0500 00e9 | 3e00 0000 | 4c89 4a08 | 488b ca48 
  0x00000189af03d460: 83ec 2040 | f6c4 0f0f | 8419 0000 | 0048 83ec | 0848 b820 | be58 14f9 | 7f00 00ff | d048 83c4 
  0x00000189af03d480: 08e9 0c00 | 0000 48b8 | 20be 5814 | f97f 0000 | ffd0 4883 | c420 4c8b | 6dc0 49ba | 6c40 df14 
  0x00000189af03d4a0: f97f 0000 | 4180 3a00 | 0f84 3e00 | 0000 488b | 55e8 498b | cf48 83ec | 2040 f6c4 | 0f0f 8419 
  0x00000189af03d4c0: 0000 0048 | 83ec 0848 | b880 b98f | 14f9 7f00 | 00ff d048 | 83c4 08e9 | 0c00 0000 | 48b8 80b9 
  0x00000189af03d4e0: 8f14 f97f | 0000 ffd0 | 4883 c420 | 488b 0424 | 4883 c410 | c5fb 1004 | 2448 83c4 | 104c 8b5d 
  0x00000189af03d500: 1841 ffd3 | 4c8b 5df8 | c95f 498b | e3ff e7ba | 0000 0000 | e805 0000 | 00e9 9600 | 0000 488d 
  0x00000189af03d520: 4424 084c | 896d c049 | 8bcf c5f8 | 7749 89af | b003 0000 | 4989 87a0 | 0300 0048 | 83ec 2040 
  0x00000189af03d540: f6c4 0f0f | 8419 0000 | 0048 83ec | 0848 b8e0 | b158 14f9 | 7f00 00ff | d048 83c4 | 08e9 0c00 
  0x00000189af03d560: 0000 48b8 | e0b1 5814 | f97f 0000 | ffd0 4883 | c420 49c7 | 87a0 0300 | 0000 0000 | 0049 c787 
  0x00000189af03d580: b003 0000 | 0000 0000 | 49c7 87a8 | 0300 0000 | 0000 00c5 | f877 4983 | 7f08 000f | 8405 0000 
  0x00000189af03d5a0: 00e9 5a39 | ffff 4c8b | 6dc0 4c8b | 75c8 4e8d | 74f5 00c3 | 488b 5de8 | e95b f6ff | ff66 6690 
[/MachCode]

Compiled method (c1) 11907 1486       3       java.security.ProtectionDomain$JavaSecurityAccessImpl::doIntersectionPrivilege (22 bytes)
 total in heap  [0x00000189a7d76690,0x00000189a7d770c0] = 2608
 relocation     [0x00000189a7d767e8,0x00000189a7d768b8] = 208
 main code      [0x00000189a7d768c0,0x00000189a7d76df0] = 1328
 stub code      [0x00000189a7d76df0,0x00000189a7d76e80] = 144
 metadata       [0x00000189a7d76e80,0x00000189a7d76ea0] = 32
 scopes data    [0x00000189a7d76ea0,0x00000189a7d76f98] = 248
 scopes pcs     [0x00000189a7d76f98,0x00000189a7d770a8] = 272
 dependencies   [0x00000189a7d770a8,0x00000189a7d770b0] = 8
 nul chk table  [0x00000189a7d770b0,0x00000189a7d770c0] = 16

[Constant Pool (empty)]

[MachCode]
[Entry Point]
  # {method} {0x00000189bd0ea978} 'doIntersectionPrivilege' '(Ljava/security/PrivilegedAction;Ljava/security/AccessControlContext;Ljava/security/AccessControlContext;)Ljava/lang/Object;' in 'java/security/ProtectionDomain$JavaSecurityAccessImpl'
  # this:     rdx:rdx   = 'java/security/ProtectionDomain$JavaSecurityAccessImpl'
  # parm0:    r8:r8     = 'java/security/PrivilegedAction'
  # parm1:    r9:r9     = 'java/security/AccessControlContext'
  # parm2:    rdi:rdi   = 'java/security/AccessControlContext'
  #           [sp+0xb0]  (sp of caller)
  0x00000189a7d768c0: 448b 5208 | 49bb 0000 | 00bd 8901 | 0000 4d03 | d34c 3bd0 

  0x00000189a7d768d4: ;   {runtime_call ic_miss_stub}
  0x00000189a7d768d4: 0f85 a67e | 3007 660f | 1f44 0000 
[Verified Entry Point]
  0x00000189a7d768e0: 8984 2400 | 80ff ff55 | 4881 eca0 | 0000 0090 | 4181 7f20 | 0200 0000 

  0x00000189a7d768f8: ;   {runtime_call StubRoutines (final stubs)}
  0x00000189a7d768f8: 7405 e8e1 

  0x00000189a7d768fc: ;   {metadata(method data for {method} {0x00000189bd0ea978} 'doIntersectionPrivilege' '(Ljava/security/PrivilegedAction;Ljava/security/AccessControlContext;Ljava/security/AccessControlContext;)Ljava/lang/Object;' in 'java/security/ProtectionDomain$JavaSecurityAccessImpl')}
  0x00000189a7d768fc: e42e 0748 | bed8 f283 | 8089 0100 | 008b 9ecc | 0000 0083 | c302 899e | cc00 0000 | 81e3 fe07 
  0x00000189a7d7691c: 0000 85db | 0f84 b303 | 0000 4d85 

  0x00000189a7d76928: ;   {metadata(method data for {method} {0x00000189bd0ea978} 'doIntersectionPrivilege' '(Ljava/security/PrivilegedAction;Ljava/security/AccessControlContext;Ljava/security/AccessControlContext;)Ljava/lang/Object;' in 'java/security/ProtectionDomain$JavaSecurityAccessImpl')}
  0x00000189a7d76928: c048 bad8 | f283 8089 | 0100 0048 | c7c6 2801 | 0000 7407 | 48c7 c618 | 0100 0048 | 8b1c 3248 
  0x00000189a7d76948: 8d5b 0148 | 891c 320f | 84e7 0200 | 004c 8944 

  0x00000189a7d76958: ;   {metadata(method data for {method} {0x00000189bd0ea978} 'doIntersectionPrivilege' '(Ljava/security/PrivilegedAction;Ljava/security/AccessControlContext;Ljava/security/AccessControlContext;)Ljava/lang/Object;' in 'java/security/ProtectionDomain$JavaSecurityAccessImpl')}
  0x00000189a7d76958: 2460 48ba | d8f2 8380 | 8901 0000 | 4883 8248 | 0100 0001 | 488b d74d | 8bc1 0f1f 

  0x00000189a7d76974: ;   {static_call}
  0x00000189a7d76974: 4400 00e8 

  0x00000189a7d76978: ; ImmutableOopMap {[96]=Oop }
                      ;*invokestatic getCombinedACC {reexecute=0 rethrow=0 return_oop=0}
                      ; - java.security.ProtectionDomain$JavaSecurityAccessImpl::doIntersectionPrivilege@15 (line 89)
  0x00000189a7d76978: 6409 0000 

  0x00000189a7d7697c: ;   {other}
  0x00000189a7d7697c: 0f1f 8400 | ec02 0000 

  0x00000189a7d76984: ;   {metadata(method data for {method} {0x00000189bd0ea978} 'doIntersectionPrivilege' '(Ljava/security/PrivilegedAction;Ljava/security/AccessControlContext;Ljava/security/AccessControlContext;)Ljava/lang/Object;' in 'java/security/ProtectionDomain$JavaSecurityAccessImpl')}
  0x00000189a7d76984: 48be d8f2 | 8380 8901 | 0000 4883 | 8658 0100 

  0x00000189a7d76994: ;   {metadata(method data for {method} {0x00000189bd435e00} 'doPrivileged' '(Ljava/security/PrivilegedAction;Ljava/security/AccessControlContext;)Ljava/lang/Object;' in 'java/security/AccessController')}
  0x00000189a7d76994: 0001 48be | b821 7f80 | 8901 0000 | 8bbe cc00 | 0000 83c7 | 0289 becc | 0000 0081 | e7fe ff1f 
  0x00000189a7d769b4: 0085 ff0f | 843d 0300 

  0x00000189a7d769bc: ;   {metadata(method data for {method} {0x00000189bd435e00} 'doPrivileged' '(Ljava/security/PrivilegedAction;Ljava/security/AccessControlContext;)Ljava/lang/Object;' in 'java/security/AccessController')}
  0x00000189a7d769bc: 0048 beb8 | 217f 8089 | 0100 0048 | 8386 1801 | 0000 0148 | 8944 2468 

  0x00000189a7d769d4: ;   {static_call}
  0x00000189a7d769d4: 6666 90e8 

  0x00000189a7d769d8: ; ImmutableOopMap {[96]=Oop [104]=Oop }
                      ;*invokestatic getCallerClass {reexecute=0 rethrow=0 return_oop=0}
                      ; - java.security.AccessController::doPrivileged@0 (line 398)
                      ; - java.security.ProtectionDomain$JavaSecurityAccessImpl::doIntersectionPrivilege@18 (line 87)
  0x00000189a7d769d8: e406 8807 

  0x00000189a7d769dc: ;   {other}
  0x00000189a7d769dc: 0f1f 8400 | 4c03 0001 | 4889 4424 

  0x00000189a7d769e8: ;   {metadata(method data for {method} {0x00000189bd435e00} 'doPrivileged' '(Ljava/security/PrivilegedAction;Ljava/security/AccessControlContext;)Ljava/lang/Object;' in 'java/security/AccessController')}
  0x00000189a7d769e8: 7048 bab8 | 217f 8089 | 0100 0048 | 8382 2801 | 0000 0148 | 8b54 2468 | 4c8b c00f 

  0x00000189a7d76a04: ;   {static_call}
  0x00000189a7d76a04: 1f40 00e8 

  0x00000189a7d76a08: ; ImmutableOopMap {[96]=Oop [112]=Oop }
                      ;*invokestatic checkContext {reexecute=0 rethrow=0 return_oop=0}
                      ; - java.security.AccessController::doPrivileged@6 (line 399)
                      ; - java.security.ProtectionDomain$JavaSecurityAccessImpl::doIntersectionPrivilege@18 (line 87)
  0x00000189a7d76a08: b47d f1ff 

  0x00000189a7d76a0c: ;   {other}
  0x00000189a7d76a0c: 0f1f 8400 | 7c03 0002 | 4889 4424 

  0x00000189a7d76a18: ;   {metadata(method data for {method} {0x00000189bd435e00} 'doPrivileged' '(Ljava/security/PrivilegedAction;Ljava/security/AccessControlContext;)Ljava/lang/Object;' in 'java/security/AccessController')}
  0x00000189a7d76a18: 7848 bab8 | 217f 8089 | 0100 0048 | 8382 3801 

  0x00000189a7d76a28: ;   {metadata(method data for {method} {0x00000189bd436088} 'executePrivileged' '(Ljava/security/PrivilegedAction;Ljava/security/AccessControlContext;Ljava/lang/Class;)Ljava/lang/Object;' in 'java/security/AccessController')}
  0x00000189a7d76a28: 0000 0148 | ba78 490f | 8089 0100 | 008b b2cc | 0000 0083 | c602 89b2 | cc00 0000 | 81e6 feff 
  0x00000189a7d76a48: 1f00 85f6 | 0f84 c902 | 0000 4885 

  0x00000189a7d76a54: ;   {metadata(method data for {method} {0x00000189bd436088} 'executePrivileged' '(Ljava/security/PrivilegedAction;Ljava/security/AccessControlContext;Ljava/lang/Class;)Ljava/lang/Object;' in 'java/security/AccessController')}
  0x00000189a7d76a54: c048 ba78 | 490f 8089 | 0100 0048 | c7c6 1801 | 0000 7407 | 48c7 c628 | 0100 0048 | 8b3c 3248 
  0x00000189a7d76a74: 8d7f 0148 | 893c 320f | 8423 0000 

  0x00000189a7d76a80: ;   {metadata(method data for {method} {0x00000189bd436088} 'executePrivileged' '(Ljava/security/PrivilegedAction;Ljava/security/AccessControlContext;Ljava/lang/Class;)Ljava/lang/Object;' in 'java/security/AccessController')}
  0x00000189a7d76a80: 0048 ba78 | 490f 8089 | 0100 0048 | 8382 3801 | 0000 0148 

  0x00000189a7d76a94: ;   {static_call}
  0x00000189a7d76a94: 8bd0 90e8 

  0x00000189a7d76a98: ; ImmutableOopMap {[96]=Oop [112]=Oop [120]=Oop }
                      ;*invokestatic ensureMaterializedForStackWalk {reexecute=0 rethrow=0 return_oop=0}
                      ; - java.security.AccessController::executePrivileged@5 (line 774)
                      ; - java.security.AccessController::doPrivileged@13 (line 400)
                      ; - java.security.ProtectionDomain$JavaSecurityAccessImpl::doIntersectionPrivilege@18 (line 87)
  0x00000189a7d76a98: 246d 8a07 

  0x00000189a7d76a9c: ;   {other}
  0x00000189a7d76a9c: 0f1f 8400 | 0c04 0003 

  0x00000189a7d76aa4: ;   {metadata(method data for {method} {0x00000189bd436088} 'executePrivileged' '(Ljava/security/PrivilegedAction;Ljava/security/AccessControlContext;Ljava/lang/Class;)Ljava/lang/Object;' in 'java/security/AccessController')}
  0x00000189a7d76aa4: 48ba 7849 | 0f80 8901 | 0000 ff82 | 4801 0000 | 4c8b 4424 | 6049 3b00 

  0x00000189a7d76abc: ;   {metadata(method data for {method} {0x00000189bd436088} 'executePrivileged' '(Ljava/security/PrivilegedAction;Ljava/security/AccessControlContext;Ljava/lang/Class;)Ljava/lang/Object;' in 'java/security/AccessController')}
  0x00000189a7d76abc: 498b d048 | be78 490f | 8089 0100 | 008b 5208 | 49ba 0000 | 00bd 8901 | 0000 4903 | d248 3b96 
  0x00000189a7d76adc: b001 0000 | 750d 4883 | 86b8 0100 | 0001 e960 | 0000 0048 | 3b96 c001 | 0000 750d | 4883 86c8 
  0x00000189a7d76afc: 0100 0001 | e94a 0000 | 0048 83be | b001 0000 | 0075 1748 | 8996 b001 | 0000 48c7 | 86b8 0100 
  0x00000189a7d76b1c: 0001 0000 | 00e9 2900 | 0000 4883 | bec0 0100 | 0000 7517 | 4889 96c0 | 0100 0048 | c786 c801 
  0x00000189a7d76b3c: 0000 0100 | 0000 e908 | 0000 0048 | 8386 a801 | 0000 0149 | 8bd0 6666 | 9048 b8f0 | 5794 bc89 
  0x00000189a7d76b5c: ;   {virtual_call}
  0x00000189a7d76b5c: 0100 00e8 

  0x00000189a7d76b60: ; ImmutableOopMap {[112]=Oop [120]=Oop }
                      ;*invokeinterface run {reexecute=0 rethrow=0 return_oop=0}
                      ; - java.security.AccessController::executePrivileged@29 (line 778)
                      ; - java.security.AccessController::doPrivileged@13 (line 400)
                      ; - java.security.ProtectionDomain$JavaSecurityAccessImpl::doIntersectionPrivilege@18 (line 87)
  0x00000189a7d76b60: bc69 3d07 

  0x00000189a7d76b64: ;   {other}
  0x00000189a7d76b64: 0f1f 8400 | d404 0004 

  0x00000189a7d76b6c: ;   {metadata(method data for {method} {0x00000189bd436088} 'executePrivileged' '(Ljava/security/PrivilegedAction;Ljava/security/AccessControlContext;Ljava/lang/Class;)Ljava/lang/Object;' in 'java/security/AccessController')}
  0x00000189a7d76b6c: 48ba 7849 | 0f80 8901 | 0000 ff82 | d801 0000 

  0x00000189a7d76b7c: ;   {metadata(method data for {method} {0x00000189bd436088} 'executePrivileged' '(Ljava/security/PrivilegedAction;Ljava/security/AccessControlContext;Ljava/lang/Class;)Ljava/lang/Object;' in 'java/security/AccessController')}
  0x00000189a7d76b7c: 48ba 7849 | 0f80 8901 | 0000 4883 | 8238 0200 | 0001 488b | d048 8984 | 2480 0000 | 0066 0f1f 
  0x00000189a7d76b9c: ;   {static_call}
  0x00000189a7d76b9c: 4400 00e8 

  0x00000189a7d76ba0: ; ImmutableOopMap {[112]=Oop [120]=Oop [128]=Oop }
                      ;*invokestatic ensureMaterializedForStackWalk {reexecute=0 rethrow=0 return_oop=0}
                      ; - java.security.AccessController::executePrivileged@56 (line 786)
                      ; - java.security.AccessController::doPrivileged@13 (line 400)
                      ; - java.security.ProtectionDomain$JavaSecurityAccessImpl::doIntersectionPrivilege@18 (line 87)
  0x00000189a7d76ba0: 1c6c 8a07 

  0x00000189a7d76ba4: ;   {other}
  0x00000189a7d76ba4: 0f1f 8400 | 1405 0005 

  0x00000189a7d76bac: ;   {metadata(method data for {method} {0x00000189bd436088} 'executePrivileged' '(Ljava/security/PrivilegedAction;Ljava/security/AccessControlContext;Ljava/lang/Class;)Ljava/lang/Object;' in 'java/security/AccessController')}
  0x00000189a7d76bac: 48b8 7849 | 0f80 8901 | 0000 4883 | 8048 0200 

  0x00000189a7d76bbc: ;   {metadata(method data for {method} {0x00000189bd037300} 'reachabilityFence' '(Ljava/lang/Object;)V' in 'java/lang/ref/Reference')}
  0x00000189a7d76bbc: 0001 48b8 | 68d3 0280 | 8901 0000 | 8b90 cc00 | 0000 83c2 | 0289 90cc | 0000 0081 | e2fe ff1f 
  0x00000189a7d76bdc: 0085 d20f | 845c 0100 

  0x00000189a7d76be4: ;   {metadata(method data for {method} {0x00000189bd436088} 'executePrivileged' '(Ljava/security/PrivilegedAction;Ljava/security/AccessControlContext;Ljava/lang/Class;)Ljava/lang/Object;' in 'java/security/AccessController')}
  0x00000189a7d76be4: 0048 b878 | 490f 8089 | 0100 0048 | 8380 5802 

  0x00000189a7d76bf4: ;   {metadata(method data for {method} {0x00000189bd037300} 'reachabilityFence' '(Ljava/lang/Object;)V' in 'java/lang/ref/Reference')}
  0x00000189a7d76bf4: 0000 0148 | b868 d302 | 8089 0100 | 008b 90cc | 0000 0083 | c202 8990 | cc00 0000 | 81e2 feff 
  0x00000189a7d76c14: 1f00 85d2 | 0f84 4401 | 0000 488b | 8424 8000 | 0000 4881 | c4a0 0000 

  0x00000189a7d76c2c: ;   {poll_return}
  0x00000189a7d76c2c: 005d 493b | a758 0400 | 000f 8748 | 0100 00c3 | 0f1f 4000 

  0x00000189a7d76c40: ;   {no_reloc}
  0x00000189a7d76c40: e963 0100 | 0000 0000 | 0000 498b | 87b8 0100 | 0048 8d78 | 3049 3bbf | c801 0000 | 0f87 5001 
  0x00000189a7d76c60: 0000 4989 | bfb8 0100 | 0048 c700 | 0100 0000 | 488b ca49 | ba00 0000 | bd89 0100 | 0049 2bca 
  0x00000189a7d76c80: 8948 0848 | 33c9 8948 | 0c48 33c9 | 4889 4810 | 4889 4818 | 4889 4820 | 4889 4828 

  0x00000189a7d76c9c: ;   {metadata(method data for {method} {0x00000189bd0ea978} 'doIntersectionPrivilege' '(Ljava/security/PrivilegedAction;Ljava/security/AccessControlContext;Ljava/security/AccessControlContext;)Ljava/lang/Object;' in 'java/security/ProtectionDomain$JavaSecurityAccessImpl')}
  0x00000189a7d76c9c: 488b d048 | bed8 f283 | 8089 0100 | 0048 8386 | 3801 0000 | 0148 8bd0 | 4889 8424 | 8800 0000 
  0x00000189a7d76cbc: ;   {optimized virtual_call}
  0x00000189a7d76cbc: 6666 90e8 

  0x00000189a7d76cc0: ; ImmutableOopMap {[136]=Oop }
                      ;*invokespecial <init> {reexecute=0 rethrow=0 return_oop=0}
                      ; - java.security.ProtectionDomain$JavaSecurityAccessImpl::doIntersectionPrivilege@8 (line 84)
  0x00000189a7d76cc0: bc7d 3007 

  0x00000189a7d76cc4: ;   {other}
  0x00000189a7d76cc4: 0f1f 8400 | 3406 0006 | 488b 8424 | 8800 0000 | e903 0100 

  0x00000189a7d76cd8: ;   {metadata({method} {0x00000189bd0ea978} 'doIntersectionPrivilege' '(Ljava/security/PrivilegedAction;Ljava/security/AccessControlContext;Ljava/security/AccessControlContext;)Ljava/lang/Object;' in 'java/security/ProtectionDomain$JavaSecurityAccessImpl')}
  0x00000189a7d76cd8: 0049 ba70 | a90e bd89 | 0100 004c | 8954 2408 | 48c7 0424 | ffff ffff 

  0x00000189a7d76cf0: ;   {runtime_call counter_overflow Runtime1 stub}
  0x00000189a7d76cf0: e88b 2b3d 

  0x00000189a7d76cf4: ; ImmutableOopMap {rdx=Oop r8=Oop r9=Oop rdi=Oop }
                      ;*synchronization entry
                      ; - java.security.ProtectionDomain$JavaSecurityAccessImpl::doIntersectionPrivilege@-1 (line 83)
  0x00000189a7d76cf4: 07e9 2cfc 

  0x00000189a7d76cf8: ;   {metadata({method} {0x00000189bd435e00} 'doPrivileged' '(Ljava/security/PrivilegedAction;Ljava/security/AccessControlContext;)Ljava/lang/Object;' in 'java/security/AccessController')}
  0x00000189a7d76cf8: ffff 49ba | f85d 43bd | 8901 0000 | 4c89 5424 | 0848 c704 | 24ff ffff 

  0x00000189a7d76d10: ;   {runtime_call counter_overflow Runtime1 stub}
  0x00000189a7d76d10: ffe8 6a2b 

  0x00000189a7d76d14: ; ImmutableOopMap {rax=Oop [96]=Oop }
                      ;*synchronization entry
                      ; - java.security.AccessController::doPrivileged@-1 (line 398)
                      ; - java.security.ProtectionDomain$JavaSecurityAccessImpl::doIntersectionPrivilege@18 (line 87)
  0x00000189a7d76d14: 3d07 e9a2 

  0x00000189a7d76d18: ;   {metadata({method} {0x00000189bd436088} 'executePrivileged' '(Ljava/security/PrivilegedAction;Ljava/security/AccessControlContext;Ljava/lang/Class;)Ljava/lang/Object;' in 'java/security/AccessController')}
  0x00000189a7d76d18: fcff ff49 | ba80 6043 | bd89 0100 | 004c 8954 | 2408 48c7 | 0424 ffff 

  0x00000189a7d76d30: ;   {runtime_call counter_overflow Runtime1 stub}
  0x00000189a7d76d30: ffff e849 

  0x00000189a7d76d34: ; ImmutableOopMap {rax=Oop [96]=Oop [112]=Oop [120]=Oop }
                      ;*synchronization entry
                      ; - java.security.AccessController::executePrivileged@-1 (line 773)
                      ; - java.security.AccessController::doPrivileged@13 (line 400)
                      ; - java.security.ProtectionDomain$JavaSecurityAccessImpl::doIntersectionPrivilege@18 (line 87)
  0x00000189a7d76d34: 2b3d 07e9 | 16fd ffff 

  0x00000189a7d76d3c: ;   {runtime_call throw_null_pointer_exception Runtime1 stub}
  0x00000189a7d76d3c: e83f b53c 

  0x00000189a7d76d40: ; ImmutableOopMap {r8=Oop [112]=Oop [120]=Oop }
                      ;*invokeinterface run {reexecute=0 rethrow=0 return_oop=0}
                      ; - java.security.AccessController::executePrivileged@29 (line 778)
                      ; - java.security.AccessController::doPrivileged@13 (line 400)
                      ; - java.security.ProtectionDomain$JavaSecurityAccessImpl::doIntersectionPrivilege@18 (line 87)
                      ;   {metadata({method} {0x00000189bd037300} 'reachabilityFence' '(Ljava/lang/Object;)V' in 'java/lang/ref/Reference')}
  0x00000189a7d76d40: 0749 baf8 | 7203 bd89 | 0100 004c | 8954 2408 | 48c7 0424 | ffff ffff 

  0x00000189a7d76d58: ;   {runtime_call counter_overflow Runtime1 stub}
  0x00000189a7d76d58: e823 2b3d 

  0x00000189a7d76d5c: ; ImmutableOopMap {[112]=Oop [128]=Oop }
                      ;*synchronization entry
                      ; - java.lang.ref.Reference::reachabilityFence@-1 (line 628)
                      ; - java.security.AccessController::executePrivileged@60 (line 790)
                      ; - java.security.AccessController::doPrivileged@13 (line 400)
                      ; - java.security.ProtectionDomain$JavaSecurityAccessImpl::doIntersectionPrivilege@18 (line 87)
  0x00000189a7d76d5c: 07e9 83fe 

  0x00000189a7d76d60: ;   {metadata({method} {0x00000189bd037300} 'reachabilityFence' '(Ljava/lang/Object;)V' in 'java/lang/ref/Reference')}
  0x00000189a7d76d60: ffff 49ba | f872 03bd | 8901 0000 | 4c89 5424 | 0848 c704 | 24ff ffff 

  0x00000189a7d76d78: ;   {runtime_call counter_overflow Runtime1 stub}
  0x00000189a7d76d78: ffe8 022b 

  0x00000189a7d76d7c: ; ImmutableOopMap {[128]=Oop }
                      ;*synchronization entry
                      ; - java.lang.ref.Reference::reachabilityFence@-1 (line 628)
                      ; - java.security.AccessController::executePrivileged@64 (line 791)
                      ; - java.security.AccessController::doPrivileged@13 (line 400)
                      ; - java.security.ProtectionDomain$JavaSecurityAccessImpl::doIntersectionPrivilege@18 (line 87)
  0x00000189a7d76d7c: 3d07 e99b 

  0x00000189a7d76d80: ;   {internal_word}
  0x00000189a7d76d80: feff ff49 | ba2e 6cd7 | a789 0100 | 004d 8997 | 7004 0000 

  0x00000189a7d76d94: ;   {runtime_call SafepointBlob}
  0x00000189a7d76d94: e967 e930 

  0x00000189a7d76d98: ;   {metadata(nullptr)}
  0x00000189a7d76d98: 0748 ba00 | 0000 0000 | 0000 00b8 | 000f 050a 

  0x00000189a7d76da8: ;   {runtime_call load_klass_patching Runtime1 stub}
  0x00000189a7d76da8: e8d3 0b3d 

  0x00000189a7d76dac: ; ImmutableOopMap {}
                      ;*new {reexecute=1 rethrow=0 return_oop=0}
                      ; - (reexecute) java.security.ProtectionDomain$JavaSecurityAccessImpl::doIntersectionPrivilege@4 (line 84)
  0x00000189a7d76dac: 07e9 8efe | ffff 488b 

  0x00000189a7d76db4: ;   {runtime_call fast_new_instance Runtime1 stub}
  0x00000189a7d76db4: d2e8 c6bd 

  0x00000189a7d76db8: ; ImmutableOopMap {}
                      ;*new {reexecute=0 rethrow=0 return_oop=0}
                      ; - java.security.ProtectionDomain$JavaSecurityAccessImpl::doIntersectionPrivilege@4 (line 84)
  0x00000189a7d76db8: 3c07 e9dd | feff ff49 | 8b87 0805 | 0000 49c7 | 8708 0500 | 0000 0000 | 0049 c787 | 1005 0000 
  0x00000189a7d76dd8: 0000 0000 | 4881 c4a0 | 0000 005d 

  0x00000189a7d76de4: ;   {runtime_call unwind_exception Runtime1 stub}
  0x00000189a7d76de4: e917 9c3c | 07f4 f4f4 | f4f4 f4f4 
[Stub Code]
  0x00000189a7d76df0: ;   {no_reloc}
  0x00000189a7d76df0: 0f1f 4400 

  0x00000189a7d76df4: ;   {static_stub}
  0x00000189a7d76df4: 0048 bb00 | 0000 0000 

  0x00000189a7d76dfc: ;   {runtime_call}
  0x00000189a7d76dfc: 0000 00e9 | fbff ffff 

  0x00000189a7d76e04: ;   {static_stub}
  0x00000189a7d76e04: 48bb 0000 | 0000 0000 

  0x00000189a7d76e0c: ;   {runtime_call}
  0x00000189a7d76e0c: 0000 e9fb 

  0x00000189a7d76e10: ;   {static_stub}
  0x00000189a7d76e10: ffff ff48 | bb00 0000 | 0000 0000 

  0x00000189a7d76e1c: ;   {runtime_call}
  0x00000189a7d76e1c: 00e9 fbff 

  0x00000189a7d76e20: ;   {static_stub}
  0x00000189a7d76e20: ffff 48bb | 0000 0000 | 0000 0000 

  0x00000189a7d76e2c: ;   {runtime_call}
  0x00000189a7d76e2c: e9fb ffff 

  0x00000189a7d76e30: ;   {static_stub}
  0x00000189a7d76e30: ff48 bb00 | 0000 0000 

  0x00000189a7d76e38: ;   {runtime_call}
  0x00000189a7d76e38: 0000 00e9 | fbff ffff 

  0x00000189a7d76e40: ;   {static_stub}
  0x00000189a7d76e40: 48bb 0000 | 0000 0000 

  0x00000189a7d76e48: ;   {runtime_call}
  0x00000189a7d76e48: 0000 e9fb 

  0x00000189a7d76e4c: ;   {runtime_call handle_exception_from_callee Runtime1 stub}
  0x00000189a7d76e4c: ffff ffe8 | acd6 3c07 

  0x00000189a7d76e54: ;   {external_word}
  0x00000189a7d76e54: 48b9 c028 | b714 f97f | 0000 4883 

  0x00000189a7d76e60: ;   {runtime_call}
  0x00000189a7d76e60: e4f0 48b8 | 3099 7e14 | f97f 0000 

  0x00000189a7d76e6c: ;   {section_word}
  0x00000189a7d76e6c: ffd0 f449 | ba6f 6ed7 | a789 0100 

  0x00000189a7d76e78: ;   {runtime_call DeoptimizationBlob}
  0x00000189a7d76e78: 0041 52e9 | 20db 3007 
[/MachCode]


---------------  P R O C E S S  ---------------

Threads class SMR info:
_java_thread_list=0x0000018985a331f0, length=21, elements={
0x00000189bc191aa0, 0x00000189bc1929c0, 0x00000189bc198540, 0x00000189bc1995b0,
0x00000189bc19c120, 0x00000189bc19cb80, 0x00000189bc1b13c0, 0x00000189bc1d46b0,
0x00000189bc412bb0, 0x00000189bc41ba60, 0x00000189bc7d7010, 0x00000189bc7e1880,
0x00000189bc7e3b20, 0x00000189bccd78b0, 0x000001899d636440, 0x00000189bca3e440,
0x00000189bcbaebf0, 0x0000018984a0e590, 0x00000189bc8cf170, 0x00000189bcc147c0,
0x00000189bcc16200
}

Java Threads: ( => current thread )
  0x00000189bc191aa0 JavaThread "Reference Handler"          daemon [_thread_blocked, id=1124, stack(0x00000054e3100000,0x00000054e3200000) (1024K)]
  0x00000189bc1929c0 JavaThread "Finalizer"                  daemon [_thread_blocked, id=3324, stack(0x00000054e3200000,0x00000054e3300000) (1024K)]
  0x00000189bc198540 JavaThread "Signal Dispatcher"          daemon [_thread_blocked, id=15664, stack(0x00000054e3300000,0x00000054e3400000) (1024K)]
  0x00000189bc1995b0 JavaThread "Attach Listener"            daemon [_thread_blocked, id=1928, stack(0x00000054e3400000,0x00000054e3500000) (1024K)]
  0x00000189bc19c120 JavaThread "Service Thread"             daemon [_thread_blocked, id=1912, stack(0x00000054e3500000,0x00000054e3600000) (1024K)]
  0x00000189bc19cb80 JavaThread "Monitor Deflation Thread"   daemon [_thread_blocked, id=7548, stack(0x00000054e3600000,0x00000054e3700000) (1024K)]
  0x00000189bc1b13c0 JavaThread "C2 CompilerThread0"         daemon [_thread_blocked, id=4844, stack(0x00000054e3700000,0x00000054e3800000) (1024K)]
  0x00000189bc1d46b0 JavaThread "C1 CompilerThread0"         daemon [_thread_blocked, id=18412, stack(0x00000054e3800000,0x00000054e3900000) (1024K)]
  0x00000189bc412bb0 JavaThread "Notification Thread"        daemon [_thread_blocked, id=8624, stack(0x00000054e3900000,0x00000054e3a00000) (1024K)]
  0x00000189bc41ba60 JavaThread "Common-Cleaner"             daemon [_thread_blocked, id=19080, stack(0x00000054e3a00000,0x00000054e3b00000) (1024K)]
  0x00000189bc7d7010 JavaThread "Java2D Disposer"            daemon [_thread_blocked, id=18724, stack(0x00000054e3c00000,0x00000054e3d00000) (1024K)]
  0x00000189bc7e1880 JavaThread "AWT-Shutdown"                      [_thread_blocked, id=17636, stack(0x00000054e3d00000,0x00000054e3e00000) (1024K)]
  0x00000189bc7e3b20 JavaThread "AWT-Windows"                daemon [_thread_in_native, id=13136, stack(0x00000054e3e00000,0x00000054e3f00000) (1024K)]
=>0x00000189bccd78b0 JavaThread "AWT-EventQueue-0"                  [_thread_in_native, id=12196, stack(0x00000054e3f00000,0x00000054e4000000) (1024K)]
  0x000001899d636440 JavaThread "DestroyJavaVM"                     [_thread_blocked, id=10544, stack(0x00000054e2900000,0x00000054e2a00000) (1024K)]
  0x00000189bca3e440 JavaThread "Image Fetcher 0"            daemon [_thread_blocked, id=15592, stack(0x00000054e3b00000,0x00000054e3c00000) (1024K)]
  0x00000189bcbaebf0 JavaThread "TimerQueue"                 daemon [_thread_blocked, id=632, stack(0x00000054e4700000,0x00000054e4800000) (1024K)]
  0x0000018984a0e590 JavaThread "mysql-cj-abandoned-connection-cleanup" daemon [_thread_blocked, id=14108, stack(0x00000054e4600000,0x00000054e4700000) (1024K)]
  0x00000189bc8cf170 JavaThread "C2 CompilerThread1"         daemon [_thread_blocked, id=2692, stack(0x00000054e4800000,0x00000054e4900000) (1024K)]
  0x00000189bcc147c0 JavaThread "Image Fetcher 1"            daemon [_thread_blocked, id=18304, stack(0x00000054e4900000,0x00000054e4a00000) (1024K)]
  0x00000189bcc16200 JavaThread "Image Fetcher 2"            daemon [_thread_blocked, id=12808, stack(0x00000054e4a00000,0x00000054e4b00000) (1024K)]
Total: 21

Other Threads:
  0x00000189bc175290 VMThread "VM Thread"                           [id=7708, stack(0x00000054e3000000,0x00000054e3100000) (1024K)]
  0x00000189bc15d280 WatcherThread "VM Periodic Task Thread"        [id=19400, stack(0x00000054e2f00000,0x00000054e3000000) (1024K)]
  0x000001899f7f09a0 WorkerThread "GC Thread#0"                     [id=11440, stack(0x00000054e2a00000,0x00000054e2b00000) (1024K)]
  0x00000189bccd4480 WorkerThread "GC Thread#1"                     [id=4820, stack(0x00000054e4200000,0x00000054e4300000) (1024K)]
  0x00000189bc4212c0 WorkerThread "GC Thread#2"                     [id=1452, stack(0x00000054e4300000,0x00000054e4400000) (1024K)]
  0x00000189bc41c4e0 WorkerThread "GC Thread#3"                     [id=11560, stack(0x00000054e4400000,0x00000054e4500000) (1024K)]
  0x000001899f7fbb10 ConcurrentGCThread "G1 Main Marker"            [id=5880, stack(0x00000054e2b00000,0x00000054e2c00000) (1024K)]
  0x000001899f7fcdc0 WorkerThread "G1 Conc#0"                       [id=12832, stack(0x00000054e2c00000,0x00000054e2d00000) (1024K)]
  0x000001899f86cc80 ConcurrentGCThread "G1 Refine#0"               [id=16004, stack(0x00000054e2d00000,0x00000054e2e00000) (1024K)]
  0x000001899f86d800 ConcurrentGCThread "G1 Service"                [id=14556, stack(0x00000054e2e00000,0x00000054e2f00000) (1024K)]
Total: 10

Threads with active compile tasks:
Total: 0

VM state: not at safepoint (normal execution)

VM Mutex/Monitor currently owned by a thread: None

Heap address: 0x0000000760200000, size: 2558 MB, Compressed Oops mode: Zero based, Oop shift amount: 3

CDS archive(s) mapped at: [0x00000189bd000000-0x00000189bdc60000-0x00000189bdc60000), size 12976128, SharedBaseAddress: 0x00000189bd000000, ArchiveRelocationMode: 1.
Compressed class space mapped at: 0x00000189be000000-0x00000189fe000000, reserved size: 1073741824
Narrow klass base: 0x00000189bd000000, Narrow klass shift: 0, Narrow klass range: 0x41000000

GC Precious Log:
 CardTable entry size: 512
 Card Set container configuration: InlinePtr #cards 4 size 8 Array Of Cards #cards 16 size 48 Howl #buckets 8 coarsen threshold 3686 Howl Bitmap #cards 512 size 80 coarsen threshold 460 Card regions per heap region 1 cards per card region 4096
 CPUs: 4 total, 4 available
 Memory: 10230M
 Large Page Support: Disabled
 NUMA Support: Disabled
 Compressed Oops: Enabled (Zero based)
 Heap Region Size: 2M
 Heap Min Capacity: 8M
 Heap Initial Capacity: 160M
 Heap Max Capacity: 2558M
 Pre-touch: Disabled
 Parallel Workers: 4
 Concurrent Workers: 1
 Concurrent Refinement Workers: 4
 Periodic GC: Disabled

Heap:
 garbage-first heap   total reserved 2619392K, committed 49152K, used 15358K [0x0000000760200000, 0x0000000800000000)
  region size 2048K, 4 young (8192K), 2 survivors (4096K)
 Metaspace       used 22858K, committed 23168K, reserved 1114112K
  class space    used 2587K, committed 2752K, reserved 1048576K

Heap Regions: E=young(eden), S=young(survivor), O=old, HS=humongous(starts), HC=humongous(continues), CS=collection set, F=free, TAMS=top-at-mark-start, PB=parsable bottom
|   0|0x0000000760200000, 0x0000000760400000, 0x0000000760400000|100%| O|  |TAMS 0x0000000760200000| PB 0x0000000760200000| Untracked |  0
|   1|0x0000000760400000, 0x0000000760600000, 0x0000000760600000|100%| O|  |TAMS 0x0000000760400000| PB 0x0000000760400000| Untracked |  0
|   2|0x0000000760600000, 0x0000000760600000, 0x0000000760800000|  0%| F|  |TAMS 0x0000000760600000| PB 0x0000000760600000| Untracked |  0
|   3|0x0000000760800000, 0x0000000760a00000, 0x0000000760a00000|100%| O|  |TAMS 0x0000000760800000| PB 0x0000000760800000| Untracked |  0
|   4|0x0000000760a00000, 0x0000000760c00000, 0x0000000760c00000|100%|HS|  |TAMS 0x0000000760a00000| PB 0x0000000760a00000| Complete |  0
|   5|0x0000000760c00000, 0x0000000760cffa20, 0x0000000760e00000| 49%| O|Cm|TAMS 0x0000000760c00000| PB 0x0000000760c00000| Complete |  0
|   6|0x0000000760e00000, 0x0000000760e00000, 0x0000000761000000|  0%| F|  |TAMS 0x0000000760e00000| PB 0x0000000760e00000| Untracked |  0
|   7|0x0000000761000000, 0x0000000761000000, 0x0000000761200000|  0%| F|  |TAMS 0x0000000761000000| PB 0x0000000761000000| Untracked |  0
|   8|0x0000000761200000, 0x0000000761200000, 0x0000000761400000|  0%| F|  |TAMS 0x0000000761200000| PB 0x0000000761200000| Untracked |  0
|   9|0x0000000761400000, 0x0000000761400000, 0x0000000761600000|  0%| F|  |TAMS 0x0000000761400000| PB 0x0000000761400000| Untracked |  0
|  10|0x0000000761600000, 0x0000000761600000, 0x0000000761800000|  0%| F|  |TAMS 0x0000000761600000| PB 0x0000000761600000| Untracked |  0
|  11|0x0000000761800000, 0x0000000761800000, 0x0000000761a00000|  0%| F|  |TAMS 0x0000000761800000| PB 0x0000000761800000| Untracked |  0
|  12|0x0000000761a00000, 0x0000000761a00000, 0x0000000761c00000|  0%| F|  |TAMS 0x0000000761a00000| PB 0x0000000761a00000| Untracked |  0
|  13|0x0000000761c00000, 0x0000000761c00000, 0x0000000761e00000|  0%| F|  |TAMS 0x0000000761c00000| PB 0x0000000761c00000| Untracked |  0
|  14|0x0000000761e00000, 0x0000000761e00000, 0x0000000762000000|  0%| F|  |TAMS 0x0000000761e00000| PB 0x0000000761e00000| Untracked |  0
|  15|0x0000000762000000, 0x0000000762000000, 0x0000000762200000|  0%| F|  |TAMS 0x0000000762000000| PB 0x0000000762000000| Untracked |  0
|  16|0x0000000762200000, 0x0000000762200000, 0x0000000762400000|  0%| F|  |TAMS 0x0000000762200000| PB 0x0000000762200000| Untracked |  0
|  17|0x0000000762400000, 0x0000000762400000, 0x0000000762600000|  0%| F|  |TAMS 0x0000000762400000| PB 0x0000000762400000| Untracked |  0
|  18|0x0000000762600000, 0x0000000762600000, 0x0000000762800000|  0%| F|  |TAMS 0x0000000762600000| PB 0x0000000762600000| Untracked |  0
|  19|0x0000000762800000, 0x0000000762800000, 0x0000000762a00000|  0%| F|  |TAMS 0x0000000762800000| PB 0x0000000762800000| Untracked |  0
|  20|0x0000000762a00000, 0x0000000762af3a10, 0x0000000762c00000| 47%| E|  |TAMS 0x0000000762a00000| PB 0x0000000762a00000| Complete |  0
|  21|0x0000000762c00000, 0x0000000762e00000, 0x0000000762e00000|100%| E|CS|TAMS 0x0000000762c00000| PB 0x0000000762c00000| Complete |  0
|  67|0x0000000768800000, 0x0000000768a00000, 0x0000000768a00000|100%| S|CS|TAMS 0x0000000768800000| PB 0x0000000768800000| Complete |  0
|  68|0x0000000768a00000, 0x0000000768c00000, 0x0000000768c00000|100%| S|CS|TAMS 0x0000000768a00000| PB 0x0000000768a00000| Complete |  0

Card table byte_map: [0x00000189b7000000,0x00000189b7500000] _byte_map_base: 0x00000189b34ff000

Marking Bits: (CMBitMap*) 0x000001899f7f10b0
 Bits: [0x00000189b7500000, 0x00000189b9cf8000)

Polling page: 0x000001899d5b0000

Metaspace:

Usage:
  Non-class:     19.80 MB used.
      Class:      2.53 MB used.
       Both:     22.32 MB used.

Virtual space:
  Non-class space:       64.00 MB reserved,      19.94 MB ( 31%) committed,  1 nodes.
      Class space:        1.00 GB reserved,       2.69 MB ( <1%) committed,  1 nodes.
             Both:        1.06 GB reserved,      22.62 MB (  2%) committed. 

Chunk freelists:
   Non-Class:  11.45 MB
       Class:  13.17 MB
        Both:  24.62 MB

MaxMetaspaceSize: unlimited
CompressedClassSpaceSize: 1.00 GB
Initial GC threshold: 21.00 MB
Current GC threshold: 35.12 MB
CDS: on
 - commit_granule_bytes: 65536.
 - commit_granule_words: 8192.
 - virtual_space_node_default_size: 8388608.
 - enlarge_chunks_in_place: 1.
 - use_allocation_guard: 0.


Internal statistics:

num_allocs_failed_limit: 3.
num_arena_births: 280.
num_arena_deaths: 0.
num_vsnodes_births: 2.
num_vsnodes_deaths: 0.
num_space_committed: 362.
num_space_uncommitted: 0.
num_chunks_returned_to_freelist: 3.
num_chunks_taken_from_freelist: 580.
num_chunk_merges: 0.
num_chunk_splits: 353.
num_chunks_enlarged: 210.
num_inconsistent_stats: 0.

CodeHeap 'non-profiled nmethods': size=120000Kb used=1307Kb max_used=1307Kb free=118692Kb
 bounds [0x00000189af5d0000, 0x00000189af840000, 0x00000189b6b00000]
CodeHeap 'profiled nmethods': size=120000Kb used=5710Kb max_used=5710Kb free=114289Kb
 bounds [0x00000189a7b00000, 0x00000189a80a0000, 0x00000189af030000]
CodeHeap 'non-nmethods': size=5760Kb used=1841Kb max_used=1881Kb free=3918Kb
 bounds [0x00000189af030000, 0x00000189af2a0000, 0x00000189af5d0000]
 total_blobs=3742 nmethods=2897 adapters=749
 compilation: enabled
              stopped_count=0, restarted_count=0
 full_count=0

Compilation events (20 events):
Event: 11.439 Thread 0x00000189bc1d46b0 2888       3       javax.swing.GroupLayout::checkResizeType (40 bytes)
Event: 11.439 Thread 0x00000189bc1d46b0 nmethod 2888 0x00000189a808f210 code [0x00000189a808f3c0, 0x00000189a808f690]
Event: 11.439 Thread 0x00000189bc1d46b0 2887       3       java.awt.Container::adjustListeningChildren (109 bytes)
Event: 11.440 Thread 0x00000189bc1d46b0 nmethod 2887 0x00000189a808f790 code [0x00000189a808f9a0, 0x00000189a8090098]
Event: 11.440 Thread 0x00000189bc1d46b0 2891       3       java.lang.invoke.LambdaForm::returnType (26 bytes)
Event: 11.440 Thread 0x00000189bc1d46b0 nmethod 2891 0x00000189a8090290 code [0x00000189a8090440, 0x00000189a80905f0]
Event: 11.440 Thread 0x00000189bc1d46b0 2890       3       java.lang.invoke.MethodHandleNatives::refKindIsGetter (32 bytes)
Event: 11.440 Thread 0x00000189bc1d46b0 nmethod 2890 0x00000189a8090710 code [0x00000189a80908a0, 0x00000189a80909f0]
Event: 11.441 Thread 0x00000189bc1d46b0 2892       3       java.util.LinkedHashMap$LinkedEntryIterator::next (5 bytes)
Event: 11.442 Thread 0x00000189bc1d46b0 nmethod 2892 0x00000189a8090a90 code [0x00000189a8090c40, 0x00000189a8090dd8]
Event: 11.442 Thread 0x00000189bc1d46b0 2893       3       java.util.LinkedHashMap$LinkedEntryIterator::next (5 bytes)
Event: 11.442 Thread 0x00000189bc1d46b0 nmethod 2893 0x00000189a8090e90 code [0x00000189a8091040, 0x00000189a8091178]
Event: 11.443 Thread 0x00000189bc1d46b0 2894   !   3       java.awt.Container::invalidateTree (80 bytes)
Event: 11.444 Thread 0x00000189bc1d46b0 nmethod 2894 0x00000189a8091210 code [0x00000189a80914a0, 0x00000189a80925c8]
Event: 11.444 Thread 0x00000189bc1d46b0 2895       3       java.awt.Container::invalidate (29 bytes)
Event: 11.444 Thread 0x00000189bc1d46b0 nmethod 2895 0x00000189a8092b10 code [0x00000189a8092ce0, 0x00000189a8093118]
Event: 11.444 Thread 0x00000189bc1d46b0 2896       1       java.awt.Component::setAutoFocusTransferOnDisposal (6 bytes)
Event: 11.445 Thread 0x00000189bc1d46b0 nmethod 2896 0x00000189af70cd90 code [0x00000189af70cf20, 0x00000189af70cff0]
Event: 11.445 Thread 0x00000189bc1d46b0 2897   !   3       java.awt.KeyboardFocusManager::getFocusOwner (42 bytes)
Event: 11.445 Thread 0x00000189bc1d46b0 nmethod 2897 0x00000189a8093210 code [0x00000189a80933e0, 0x00000189a8093758]

GC Heap History (6 events):
Event: 0.764 GC heap before
{Heap before GC invocations=0 (full 0):
 garbage-first heap   total reserved 2619392K, committed 163840K, used 12288K [0x0000000760200000, 0x0000000800000000)
  region size 2048K, 7 young (14336K), 0 survivors (0K)
 Metaspace       used 8413K, committed 8704K, reserved 1114112K
  class space    used 890K, committed 1024K, reserved 1048576K
}
Event: 0.772 GC heap after
{Heap after GC invocations=1 (full 0):
 garbage-first heap   total reserved 2619392K, committed 163840K, used 5000K [0x0000000760200000, 0x0000000800000000)
  region size 2048K, 1 young (2048K), 1 survivors (2048K)
 Metaspace       used 8413K, committed 8704K, reserved 1114112K
  class space    used 890K, committed 1024K, reserved 1048576K
}
Event: 2.994 GC heap before
{Heap before GC invocations=1 (full 0):
 garbage-first heap   total reserved 2619392K, committed 163840K, used 17288K [0x0000000760200000, 0x0000000800000000)
  region size 2048K, 7 young (14336K), 1 survivors (2048K)
 Metaspace       used 10677K, committed 11008K, reserved 1114112K
  class space    used 1128K, committed 1280K, reserved 1048576K
}
Event: 2.997 GC heap after
{Heap after GC invocations=2 (full 0):
 garbage-first heap   total reserved 2619392K, committed 163840K, used 7443K [0x0000000760200000, 0x0000000800000000)
  region size 2048K, 1 young (2048K), 1 survivors (2048K)
 Metaspace       used 10677K, committed 11008K, reserved 1114112K
  class space    used 1128K, committed 1280K, reserved 1048576K
}
Event: 10.954 GC heap before
{Heap before GC invocations=2 (full 0):
 garbage-first heap   total reserved 2619392K, committed 163840K, used 27923K [0x0000000760200000, 0x0000000800000000)
  region size 2048K, 11 young (22528K), 1 survivors (2048K)
 Metaspace       used 21287K, committed 21504K, reserved 1114112K
  class space    used 2392K, committed 2496K, reserved 1048576K
}
Event: 10.961 GC heap after
{Heap after GC invocations=3 (full 0):
 garbage-first heap   total reserved 2619392K, committed 163840K, used 15358K [0x0000000760200000, 0x0000000800000000)
  region size 2048K, 2 young (4096K), 2 survivors (4096K)
 Metaspace       used 21287K, committed 21504K, reserved 1114112K
  class space    used 2392K, committed 2496K, reserved 1048576K
}

Dll operation events (12 events):
Event: 0.009 Loaded shared library C:\Program Files\Java\jdk-22\bin\java.dll
Event: 0.043 Loaded shared library C:\Program Files\Java\jdk-22\bin\jsvml.dll
Event: 0.095 Loaded shared library C:\Program Files\Java\jdk-22\bin\net.dll
Event: 0.097 Loaded shared library C:\Program Files\Java\jdk-22\bin\nio.dll
Event: 0.103 Loaded shared library C:\Program Files\Java\jdk-22\bin\zip.dll
Event: 0.161 Loaded shared library C:\Program Files\Java\jdk-22\bin\jimage.dll
Event: 0.220 Loaded shared library C:\Program Files\Java\jdk-22\bin\awt.dll
Event: 0.345 Loaded shared library C:\Users\kavindu\AppData\Local\Temp\flatlaf.temp\flatlaf-windows-x86_64-2826152181616000.dll
Event: 0.451 Loaded shared library C:\Program Files\Java\jdk-22\bin\freetype.dll
Event: 0.453 Loaded shared library C:\Program Files\Java\jdk-22\bin\fontmanager.dll
Event: 10.447 Loaded shared library C:\Program Files\Java\jdk-22\bin\extnet.dll
Event: 10.757 Loaded shared library C:\Program Files\Java\jdk-22\bin\sunmscapi.dll

Deoptimization events (20 events):
Event: 10.641 Thread 0x00000189bccd78b0 Uncommon trap: trap_request=0xffffff45 fr.pc=0x00000189af6244d8 relative=0x00000000000007b8
Event: 10.641 Thread 0x00000189bccd78b0 Uncommon trap: reason=unstable_if action=reinterpret pc=0x00000189af6244d8 method=java.util.HashMap.putVal(ILjava/lang/Object;Ljava/lang/Object;ZZ)Ljava/lang/Object; @ 236 c2
Event: 10.641 Thread 0x00000189bccd78b0 DEOPT PACKING pc=0x00000189af6244d8 sp=0x00000054e3ffaeb0
Event: 10.641 Thread 0x00000189bccd78b0 DEOPT UNPACKING pc=0x00000189af0846a2 sp=0x00000054e3ffae68 mode 2
Event: 10.661 Thread 0x00000189bccd78b0 Uncommon trap: trap_request=0xffffffc6 fr.pc=0x00000189af6738ac relative=0x0000000000000bcc
Event: 10.661 Thread 0x00000189bccd78b0 Uncommon trap: reason=bimorphic_or_optimized_type_check action=maybe_recompile pc=0x00000189af6738ac method=java.io.BufferedInputStream.implRead([BII)I @ 100 c2
Event: 10.661 Thread 0x00000189bccd78b0 DEOPT PACKING pc=0x00000189af6738ac sp=0x00000054e3ff9a20
Event: 10.661 Thread 0x00000189bccd78b0 DEOPT UNPACKING pc=0x00000189af0846a2 sp=0x00000054e3ff99d8 mode 2
Event: 10.662 Thread 0x00000189bccd78b0 Uncommon trap: trap_request=0xffffffc6 fr.pc=0x00000189af6738ac relative=0x0000000000000bcc
Event: 10.662 Thread 0x00000189bccd78b0 Uncommon trap: reason=bimorphic_or_optimized_type_check action=maybe_recompile pc=0x00000189af6738ac method=java.io.BufferedInputStream.implRead([BII)I @ 100 c2
Event: 10.662 Thread 0x00000189bccd78b0 DEOPT PACKING pc=0x00000189af6738ac sp=0x00000054e3ff9a40
Event: 10.662 Thread 0x00000189bccd78b0 DEOPT UNPACKING pc=0x00000189af0846a2 sp=0x00000054e3ff99f8 mode 2
Event: 10.775 Thread 0x00000189bccd78b0 Uncommon trap: trap_request=0xffffff45 fr.pc=0x00000189af62882c relative=0x000000000000028c
Event: 10.776 Thread 0x00000189bccd78b0 Uncommon trap: reason=unstable_if action=reinterpret pc=0x00000189af62882c method=java.util.HashMap.putVal(ILjava/lang/Object;Ljava/lang/Object;ZZ)Ljava/lang/Object; @ 162 c2
Event: 10.776 Thread 0x00000189bccd78b0 DEOPT PACKING pc=0x00000189af62882c sp=0x00000054e3ffb4e0
Event: 10.776 Thread 0x00000189bccd78b0 DEOPT UNPACKING pc=0x00000189af0846a2 sp=0x00000054e3ffb408 mode 2
Event: 10.784 Thread 0x00000189bccd78b0 Uncommon trap: trap_request=0xffffff45 fr.pc=0x00000189af5d5db0 relative=0x0000000000000190
Event: 10.784 Thread 0x00000189bccd78b0 Uncommon trap: reason=unstable_if action=reinterpret pc=0x00000189af5d5db0 method=jdk.internal.util.ArraysSupport.vectorizedHashCode(Ljava/lang/Object;IIII)I @ 2 c2
Event: 10.784 Thread 0x00000189bccd78b0 DEOPT PACKING pc=0x00000189af5d5db0 sp=0x00000054e3ffb3e0
Event: 10.785 Thread 0x00000189bccd78b0 DEOPT UNPACKING pc=0x00000189af0846a2 sp=0x00000054e3ffb390 mode 2

Classes loaded (20 events):
Event: 11.278 Loading class javax/swing/plaf/ScrollBarUI done
Event: 11.278 Loading class javax/swing/plaf/basic/BasicScrollBarUI done
Event: 11.285 Loading class javax/swing/plaf/basic/BasicScrollBarUI$TrackListener
Event: 11.286 Loading class javax/swing/plaf/basic/BasicScrollBarUI$TrackListener done
Event: 11.286 Loading class javax/swing/plaf/basic/BasicScrollBarUI$ArrowButtonListener
Event: 11.286 Loading class javax/swing/plaf/basic/BasicScrollBarUI$ArrowButtonListener done
Event: 11.286 Loading class javax/swing/plaf/basic/BasicScrollBarUI$ModelListener
Event: 11.286 Loading class javax/swing/plaf/basic/BasicScrollBarUI$ModelListener done
Event: 11.286 Loading class javax/swing/plaf/basic/BasicScrollBarUI$Handler
Event: 11.286 Loading class javax/swing/plaf/basic/BasicScrollBarUI$Handler done
Event: 11.289 Loading class javax/swing/plaf/basic/BasicScrollBarUI$ScrollListener
Event: 11.289 Loading class javax/swing/plaf/basic/BasicScrollBarUI$ScrollListener done
Event: 11.293 Loading class javax/swing/plaf/basic/BasicScrollPaneUI
Event: 11.293 Loading class javax/swing/plaf/ScrollPaneUI
Event: 11.293 Loading class javax/swing/plaf/ScrollPaneUI done
Event: 11.294 Loading class javax/swing/plaf/basic/BasicScrollPaneUI done
Event: 11.295 Loading class javax/swing/plaf/basic/BasicScrollPaneUI$Handler
Event: 11.295 Loading class javax/swing/plaf/basic/BasicScrollPaneUI$Handler done
Event: 11.438 Loading class javax/swing/JViewport$ViewListener
Event: 11.438 Loading class javax/swing/JViewport$ViewListener done

Classes unloaded (0 events):
No events

Classes redefined (0 events):
No events

Internal exceptions (20 events):
Event: 0.615 Thread 0x000001899d636440 Exception <a 'java/lang/NoSuchMethodError'{0x00000007696153b8}: 'void java.lang.invoke.DirectMethodHandle$Holder.invokeStaticInit(java.lang.Object)'> (0x00000007696153b8) 
thrown [s\open\src\hotspot\share\interpreter\linkResolver.cpp, line 774]
Event: 0.637 Thread 0x00000189bc7e3b20 Exception <a 'java/lang/NoSuchMethodError'{0x0000000769dbf470}: 'void java.lang.invoke.DirectMethodHandle$Holder.invokeVirtual(java.lang.Object, java.lang.Object)'> (0x0000000769dbf470) 
thrown [s\open\src\hotspot\share\interpreter\linkResolver.cpp, line 774]
Event: 0.648 Thread 0x0000018984078d00 Exception <a 'java/lang/NoSuchMethodError'{0x00000007696a3160}: 'java.lang.Object java.lang.invoke.DirectMethodHandle$Holder.newInvokeSpecial(java.lang.Object, java.lang.Object, java.lang.Object, int, int, int, int, int)'> (0x00000007696a3160) 
thrown [s\open\src\hotspot\share\interpreter\linkResolver.cpp, line 774]
Event: 0.658 Thread 0x0000018984078d00 Exception <a 'java/lang/InterruptedException'{0x0000000769720000}: sleep interrupted> (0x0000000769720000) 
thrown [s\open\src\hotspot\share\prims\jvm.cpp, line 3071]
Event: 2.867 Thread 0x0000018984078d00 Exception <a 'java/lang/InterruptedException'{0x00000007696060e0}: sleep interrupted> (0x00000007696060e0) 
thrown [s\open\src\hotspot\share\prims\jvm.cpp, line 3071]
Event: 3.059 Thread 0x00000189bccd78b0 Exception <a 'java/lang/NoSuchMethodError'{0x000000076a1123b0}: 'int java.lang.invoke.DirectMethodHandle$Holder.invokeSpecial(java.lang.Object, java.lang.Object, java.lang.Object)'> (0x000000076a1123b0) 
thrown [s\open\src\hotspot\share\interpreter\linkResolver.cpp, line 774]
Event: 3.077 Thread 0x00000189840c1920 Exception <a 'java/lang/NoSuchMethodError'{0x000000076a178fc0}: 'void java.lang.invoke.DelegatingMethodHandle$Holder.reinvoke_L(java.lang.Object, java.lang.Object, int)'> (0x000000076a178fc0) 
thrown [s\open\src\hotspot\share\interpreter\linkResolver.cpp, line 774]
Event: 3.078 Thread 0x00000189840c1920 Exception <a 'java/lang/NoSuchMethodError'{0x000000076a17fc30}: 'int java.lang.invoke.Invokers$Holder.invokeExact_MT(java.lang.Object, java.lang.Object, java.lang.Object)'> (0x000000076a17fc30) 
thrown [s\open\src\hotspot\share\interpreter\linkResolver.cpp, line 774]
Event: 3.099 Thread 0x00000189bccd78b0 Exception <a 'java/lang/NoSuchMethodError'{0x000000076a193f88}: 'void java.lang.invoke.DirectMethodHandle$Holder.invokeVirtual(java.lang.Object, java.lang.Object, java.lang.Object, int, int, int, int, double)'> (0x000000076a193f88) 
thrown [s\open\src\hotspot\share\interpreter\linkResolver.cpp, line 774]
Event: 9.894 Thread 0x00000189bccd78b0 Exception <a 'sun/nio/fs/WindowsException'{0x0000000769cd1600}> (0x0000000769cd1600) 
thrown [s\open\src\hotspot\share\prims\jni.cpp, line 520]
Event: 10.149 Thread 0x00000189bccd78b0 Exception <a 'java/lang/NoSuchMethodError'{0x0000000769b44a58}: 'java.lang.Object java.lang.invoke.DirectMethodHandle$Holder.invokeSpecialIFC(java.lang.Object, java.lang.Object, java.lang.Object, java.lang.Object)'> (0x0000000769b44a58) 
thrown [s\open\src\hotspot\share\interpreter\linkResolver.cpp, line 774]
Event: 10.224 Thread 0x00000189bccd78b0 Exception <a 'java/lang/NoSuchMethodError'{0x0000000769836738}: 'java.lang.Object java.lang.invoke.DirectMethodHandle$Holder.invokeInterface(java.lang.Object, java.lang.Object)'> (0x0000000769836738) 
thrown [s\open\src\hotspot\share\interpreter\linkResolver.cpp, line 774]
Event: 10.286 Thread 0x00000189bccd78b0 Exception <a 'java/lang/NoSuchMethodError'{0x00000007698b28a0}: 'void java.lang.invoke.DirectMethodHandle$Holder.invokeStatic(java.lang.Object, java.lang.Object, java.lang.Object)'> (0x00000007698b28a0) 
thrown [s\open\src\hotspot\share\interpreter\linkResolver.cpp, line 774]
Event: 10.287 Thread 0x00000189bccd78b0 Exception <a 'java/lang/NoSuchMethodError'{0x00000007698bbe60}: 'java.lang.Object java.lang.invoke.DirectMethodHandle$Holder.invokeVirtual(java.lang.Object, java.lang.Object, java.lang.Object)'> (0x00000007698bbe60) 
thrown [s\open\src\hotspot\share\interpreter\linkResolver.cpp, line 774]
Event: 10.551 Thread 0x00000189bccd78b0 Exception <a 'java/lang/NoSuchMethodError'{0x00000007690711b0}: 'void java.lang.invoke.DirectMethodHandle$Holder.invokeStaticInit(java.lang.Object, java.lang.Object)'> (0x00000007690711b0) 
thrown [s\open\src\hotspot\share\interpreter\linkResolver.cpp, line 774]
Event: 10.658 Thread 0x00000189bccd78b0 Exception <a 'sun/nio/fs/WindowsException'{0x00000007691ddd80}> (0x00000007691ddd80) 
thrown [s\open\src\hotspot\share\prims\jni.cpp, line 520]
Event: 10.710 Thread 0x00000189bccd78b0 Exception <a 'java/lang/NoSuchMethodError'{0x0000000768e84888}: 'java.lang.Object java.lang.invoke.DirectMethodHandle$Holder.invokeStaticInit(java.lang.Object, int, int, int, int)'> (0x0000000768e84888) 
thrown [s\open\src\hotspot\share\interpreter\linkResolver.cpp, line 774]
Event: 10.730 Thread 0x00000189bccd78b0 Exception <a 'java/lang/NoSuchMethodError'{0x0000000768ecde00}: 'java.lang.Object java.lang.invoke.DirectMethodHandle$Holder.invokeStaticInit(java.lang.Object, java.lang.Object, int, int, int, int)'> (0x0000000768ecde00) 
thrown [s\open\src\hotspot\share\interpreter\linkResolver.cpp, line 774]
Event: 11.218 Thread 0x00000189bccd78b0 Exception <a 'java/lang/NoSuchMethodError'{0x0000000762d430e0}: 'void java.lang.invoke.DirectMethodHandle$Holder.invokeStatic(java.lang.Object, java.lang.Object, java.lang.Object, java.lang.Object)'> (0x0000000762d430e0) 
thrown [s\open\src\hotspot\share\interpreter\linkResolver.cpp, line 774]
Event: 11.236 Thread 0x00000189bccd78b0 Exception <a 'java/lang/NoSuchMethodError'{0x0000000762d9a1c8}: 'void java.lang.invoke.DirectMethodHandle$Holder.invokeInterface(java.lang.Object, java.lang.Object, java.lang.Object, java.lang.Object)'> (0x0000000762d9a1c8) 
thrown [s\open\src\hotspot\share\interpreter\linkResolver.cpp, line 774]

ZGC Phase Switch (0 events):
No events

VM Operations (20 events):
Event: 10.560 Executing VM operation: HandshakeAllThreads (Deoptimize)
Event: 10.560 Executing VM operation: HandshakeAllThreads (Deoptimize) done
Event: 10.618 Executing VM operation: HandshakeAllThreads (Deoptimize)
Event: 10.618 Executing VM operation: HandshakeAllThreads (Deoptimize) done
Event: 10.618 Executing VM operation: Cleanup
Event: 10.618 Executing VM operation: Cleanup done
Event: 10.635 Executing VM operation: HandshakeAllThreads (Deoptimize)
Event: 10.635 Executing VM operation: HandshakeAllThreads (Deoptimize) done
Event: 10.664 Executing VM operation: HandshakeAllThreads (Deoptimize)
Event: 10.664 Executing VM operation: HandshakeAllThreads (Deoptimize) done
Event: 10.954 Executing VM operation: CollectForMetadataAllocation (Metadata GC Threshold)
Event: 10.961 Executing VM operation: CollectForMetadataAllocation (Metadata GC Threshold) done
Event: 10.974 Executing VM operation: G1PauseRemark
Event: 10.977 Executing VM operation: G1PauseRemark done
Event: 10.982 Executing VM operation: G1PauseCleanup
Event: 10.983 Executing VM operation: G1PauseCleanup done
Event: 11.019 Executing VM operation: HandshakeAllThreads (Deoptimize)
Event: 11.019 Executing VM operation: HandshakeAllThreads (Deoptimize) done
Event: 11.273 Executing VM operation: HandshakeAllThreads (Deoptimize)
Event: 11.273 Executing VM operation: HandshakeAllThreads (Deoptimize) done

Memory protections (0 events):
No events

Nmethod flushes (0 events):
No events

Events (20 events):
Event: 0.593 Thread 0x000001899d636440 Thread added: 0x00000189bccd78b0
Event: 0.645 Thread 0x000001899d636440 Thread added: 0x0000018984078d00
Event: 0.739 Thread 0x000001899d636440 Thread added: 0x00000189840c1920
Event: 0.756 Thread 0x000001899d636440 Thread exited: 0x000001899d636440
Event: 0.756 Thread 0x000001899d636440 Thread added: 0x000001899d636440
Event: 0.936 Thread 0x00000189bc5801e0 Thread exited: 0x00000189bc5801e0
Event: 2.852 Thread 0x00000189840c1920 Thread added: 0x000001898410bc10
Event: 2.927 Thread 0x00000189bc1d46b0 Thread added: 0x000001898422d310
Event: 3.093 Thread 0x00000189840c1920 Thread exited: 0x00000189840c1920
Event: 7.757 Thread 0x000001898422d310 Thread exited: 0x000001898422d310
Event: 7.888 Thread 0x000001898410bc10 Thread exited: 0x000001898410bc10
Event: 7.904 Thread 0x0000018984078d00 Thread exited: 0x0000018984078d00
Event: 8.593 Thread 0x00000189bccd78b0 Thread added: 0x00000189bca3e440
Event: 8.716 Thread 0x00000189bc1d46b0 Thread added: 0x00000189bcc6e5c0
Event: 8.840 Thread 0x00000189bccd78b0 Thread added: 0x00000189bcbaebf0
Event: 9.301 Thread 0x00000189bcc6e5c0 Thread exited: 0x00000189bcc6e5c0
Event: 10.160 Thread 0x00000189bccd78b0 Thread added: 0x0000018984a0e590
Event: 10.720 Thread 0x00000189bc1d46b0 Thread added: 0x00000189bc8cf170
Event: 11.324 Thread 0x00000189bccd78b0 Thread added: 0x00000189bcc147c0
Event: 11.327 Thread 0x00000189bccd78b0 Thread added: 0x00000189bcc16200


Dynamic libraries:
0x00007ff62b560000 - 0x00007ff62b570000 	C:\Program Files\Java\jdk-22\bin\java.exe
0x00007ff95a350000 - 0x00007ff95a548000 	C:\Windows\SYSTEM32\ntdll.dll
0x00007ff95a240000 - 0x00007ff95a302000 	C:\Windows\System32\KERNEL32.DLL
0x00007ff957f00000 - 0x00007ff9581fe000 	C:\Windows\System32\KERNELBASE.dll
0x00007ff957a90000 - 0x00007ff957b90000 	C:\Windows\System32\ucrtbase.dll
0x00007ff93d1b0000 - 0x00007ff93d1cb000 	C:\Program Files\Java\jdk-22\bin\VCRUNTIME140.dll
0x00007ff94e2b0000 - 0x00007ff94e2c7000 	C:\Program Files\Java\jdk-22\bin\jli.dll
0x00007ff93cda0000 - 0x00007ff93d03a000 	C:\Windows\WinSxS\amd64_microsoft.windows.common-controls_6595b64144ccf1df_6.0.19041.4355_none_60b8b9eb71f62e16\COMCTL32.dll
0x00007ff959e80000 - 0x00007ff95a01d000 	C:\Windows\System32\USER32.dll
0x00007ff958910000 - 0x00007ff9589ae000 	C:\Windows\System32\msvcrt.dll
0x00007ff957e80000 - 0x00007ff957ea2000 	C:\Windows\System32\win32u.dll
0x00007ff95a210000 - 0x00007ff95a23b000 	C:\Windows\System32\GDI32.dll
0x00007ff957d60000 - 0x00007ff957e77000 	C:\Windows\System32\gdi32full.dll
0x00007ff9579f0000 - 0x00007ff957a8d000 	C:\Windows\System32\msvcp_win.dll
0x00007ff959c30000 - 0x00007ff959c5f000 	C:\Windows\System32\IMM32.DLL
0x00007ff93ff50000 - 0x00007ff93ff5c000 	C:\Program Files\Java\jdk-22\bin\vcruntime140_1.dll
0x00007ff9261f0000 - 0x00007ff92627e000 	C:\Program Files\Java\jdk-22\bin\msvcp140.dll
0x00007ff9141b0000 - 0x00007ff914ef9000 	C:\Program Files\Java\jdk-22\bin\server\jvm.dll
0x00007ff95a020000 - 0x00007ff95a0d1000 	C:\Windows\System32\ADVAPI32.dll
0x00007ff95a100000 - 0x00007ff95a19f000 	C:\Windows\System32\sechost.dll
0x00007ff9587e0000 - 0x00007ff958903000 	C:\Windows\System32\RPCRT4.dll
0x00007ff958340000 - 0x00007ff958367000 	C:\Windows\System32\bcrypt.dll
0x00007ff958b10000 - 0x00007ff958b7b000 	C:\Windows\System32\WS2_32.dll
0x00007ff957850000 - 0x00007ff95789b000 	C:\Windows\SYSTEM32\POWRPROF.dll
0x00007ff94ea00000 - 0x00007ff94ea27000 	C:\Windows\SYSTEM32\WINMM.dll
0x00007ff9506f0000 - 0x00007ff9506fa000 	C:\Windows\SYSTEM32\VERSION.dll
0x00007ff957830000 - 0x00007ff957842000 	C:\Windows\SYSTEM32\UMPDC.dll
0x00007ff955850000 - 0x00007ff955862000 	C:\Windows\SYSTEM32\kernel.appcore.dll
0x00007ff93fc30000 - 0x00007ff93fc3a000 	C:\Program Files\Java\jdk-22\bin\jimage.dll
0x00007ff940e40000 - 0x00007ff941024000 	C:\Windows\SYSTEM32\DBGHELP.DLL
0x00007ff940bf0000 - 0x00007ff940c24000 	C:\Windows\SYSTEM32\dbgcore.DLL
0x00007ff958200000 - 0x00007ff958282000 	C:\Windows\System32\bcryptPrimitives.dll
0x00007ff93d190000 - 0x00007ff93d1ae000 	C:\Program Files\Java\jdk-22\bin\java.dll
0x00007ff959180000 - 0x00007ff9598ed000 	C:\Windows\System32\SHELL32.dll
0x00007ff959aa0000 - 0x00007ff959bcb000 	C:\Windows\System32\ole32.dll
0x00007ff958be0000 - 0x00007ff958f33000 	C:\Windows\System32\combase.dll
0x00007ff955a50000 - 0x00007ff9561f4000 	C:\Windows\SYSTEM32\windows.storage.dll
0x00007ff957270000 - 0x00007ff95729e000 	C:\Windows\SYSTEM32\Wldp.dll
0x00007ff958f40000 - 0x00007ff95900d000 	C:\Windows\System32\OLEAUT32.dll
0x00007ff9590d0000 - 0x00007ff95917d000 	C:\Windows\System32\SHCORE.dll
0x00007ff958b80000 - 0x00007ff958bd5000 	C:\Windows\System32\shlwapi.dll
0x00007ff957920000 - 0x00007ff957944000 	C:\Windows\SYSTEM32\profapi.dll
0x00007ff923d00000 - 0x00007ff923dd7000 	C:\Program Files\Java\jdk-22\bin\jsvml.dll
0x00007ff93f2d0000 - 0x00007ff93f2e0000 	C:\Program Files\Java\jdk-22\bin\net.dll
0x00007ff957050000 - 0x00007ff9570ba000 	C:\Windows\system32\mswsock.dll
0x00007ff9386d0000 - 0x00007ff9386e6000 	C:\Program Files\Java\jdk-22\bin\nio.dll
0x00007ff937950000 - 0x00007ff937967000 	C:\Program Files\Java\jdk-22\bin\zip.dll
0x00007ff920960000 - 0x00007ff920aee000 	C:\Program Files\Java\jdk-22\bin\awt.dll
0x00007ff954e60000 - 0x00007ff954ef4000 	C:\Windows\SYSTEM32\apphelp.dll
0x00007ff955360000 - 0x00007ff9553fe000 	C:\Windows\system32\uxtheme.dll
0x00007ff959c60000 - 0x00007ff959d75000 	C:\Windows\System32\MSCTF.dll
0x00007ff955670000 - 0x00007ff95569f000 	C:\Windows\system32\DWMAPI.DLL
0x00007ff94ec80000 - 0x00007ff94ec86000 	C:\Users\kavindu\AppData\Local\Temp\flatlaf.temp\flatlaf-windows-x86_64-2826152181616000.dll
0x00007ff926060000 - 0x00007ff9260e7000 	C:\Program Files\Java\jdk-22\bin\freetype.dll
0x00007ff91fa90000 - 0x00007ff91fb67000 	C:\Program Files\Java\jdk-22\bin\fontmanager.dll
0x00007ff920b50000 - 0x00007ff920c78000 	C:\Windows\system32\opengl32.dll
0x00007ff934150000 - 0x00007ff93417c000 	C:\Windows\SYSTEM32\GLU32.dll
0x00007ff94ef20000 - 0x00007ff94ef5b000 	C:\Windows\SYSTEM32\dxcore.dll
0x00007ff957eb0000 - 0x00007ff957efe000 	C:\Windows\System32\cfgmgr32.dll
0x00007ff94ad50000 - 0x00007ff94ae49000 	C:\Windows\SYSTEM32\textinputframework.dll
0x00007ff954b30000 - 0x00007ff954c22000 	C:\Windows\System32\CoreMessaging.dll
0x00007ff954420000 - 0x00007ff95477b000 	C:\Windows\System32\CoreUIComponents.dll
0x00007ff956be0000 - 0x00007ff956c13000 	C:\Windows\SYSTEM32\ntmarta.dll
0x00007ff953150000 - 0x00007ff9532a7000 	C:\Windows\SYSTEM32\wintypes.dll
0x00007ff94c990000 - 0x00007ff94c997000 	C:\Program Files\Java\jdk-22\bin\jawt.dll
0x00007ff959010000 - 0x00007ff9590b9000 	C:\Windows\System32\clbcatq.dll
0x00007ff955180000 - 0x00007ff955336000 	C:\Windows\SYSTEM32\WindowsCodecs.dll
0x00007ff93f250000 - 0x00007ff93f28e000 	C:\Windows\system32\dataexchange.dll
0x00007ff9540e0000 - 0x00007ff9542c4000 	C:\Windows\system32\dcomp.dll
0x00007ff953760000 - 0x00007ff9539c3000 	C:\Windows\system32\d3d11.dll
0x00007ff956240000 - 0x00007ff956336000 	C:\Windows\system32\dxgi.dll
0x00007ff950b10000 - 0x00007ff950d13000 	C:\Windows\system32\twinapi.appcore.dll
0x00007ff956d90000 - 0x00007ff956e5a000 	C:\Windows\SYSTEM32\DNSAPI.dll
0x00007ff956d50000 - 0x00007ff956d8b000 	C:\Windows\SYSTEM32\IPHLPAPI.DLL
0x00007ff9590c0000 - 0x00007ff9590c8000 	C:\Windows\System32\NSI.dll
0x0000000064ef0000 - 0x0000000064f16000 	C:\Program Files\Bonjour\mdnsNSP.dll
0x00007ff94aaa0000 - 0x00007ff94aaaa000 	C:\Windows\System32\rasadhlp.dll
0x00007ff9513a0000 - 0x00007ff951420000 	C:\Windows\System32\fwpuclnt.dll
0x00007ff939810000 - 0x00007ff939819000 	C:\Program Files\Java\jdk-22\bin\extnet.dll
0x00007ff957620000 - 0x00007ff957638000 	C:\Windows\SYSTEM32\CRYPTSP.dll
0x00007ff956990000 - 0x00007ff9569c4000 	C:\Windows\system32\rsaenh.dll
0x00007ff9578e0000 - 0x00007ff95790e000 	C:\Windows\SYSTEM32\USERENV.dll
0x00007ff9571e0000 - 0x00007ff9571ec000 	C:\Windows\SYSTEM32\CRYPTBASE.dll
0x00007ff94c9a0000 - 0x00007ff94c9ae000 	C:\Program Files\Java\jdk-22\bin\sunmscapi.dll
0x00007ff957c00000 - 0x00007ff957d5c000 	C:\Windows\System32\CRYPT32.dll
0x00007ff9572e0000 - 0x00007ff957307000 	C:\Windows\SYSTEM32\ncrypt.dll
0x00007ff9572a0000 - 0x00007ff9572db000 	C:\Windows\SYSTEM32\NTASN1.dll

dbghelp: loaded successfully - version: 4.0.5 - missing functions: none
symbol engine: initialized successfully - sym options: 0x614 - pdb path: .;C:\Program Files\Java\jdk-22\bin;C:\Windows\SYSTEM32;C:\Windows\WinSxS\amd64_microsoft.windows.common-controls_6595b64144ccf1df_6.0.19041.4355_none_60b8b9eb71f62e16;C:\Program Files\Java\jdk-22\bin\server;C:\Users\kavindu\AppData\Local\Temp\flatlaf.temp;C:\Program Files\Bonjour

VM Arguments:
jvm_args: -Dfile.encoding=UTF-8 
java_command: Main
java_class_path (initial): C:\Users\kavindu\Documents\NetBeansProjects\Dazzle-Auto\lib\flatlaf-3.4.1.jar;C:\Users\kavindu\Documents\NetBeansProjects\Dazzle-Auto\lib\mysql-connector-j-8.4.0.jar;C:\Users\kavindu\Documents\NetBeansProjects\Dazzle-Auto\lib\flatlaf-extras-3.4.1.jar;C:\Users\kavindu\Documents\NetBeansProjects\Dazzle-Auto\lib\absolutelayout\AbsoluteLayout.jar;C:\Users\kavindu\Documents\NetBeansProjects\Dazzle-Auto\lib\jsvg-1.4.0.jar;C:\Users\kavindu\Documents\NetBeansProjects\Dazzle-Auto\lib\swing-toast-notifications-1.0.3.jar;C:\Users\kavindu\Documents\NetBeansProjects\Dazzle-Auto\lib\miglayout-core.jar;C:\Users\kavindu\Documents\NetBeansProjects\Dazzle-Auto\lib\miglayout-swing.jar;C:\Users\kavindu\Documents\NetBeansProjects\Dazzle-Auto\lib\swing-datetime-picker-1.2.3.jar;C:\Users\kavindu\Documents\NetBeansProjects\Dazzle-Auto\lib\dotenv-java-3.0.0.jar;C:\Users\kavindu\Documents\NetBeansProjects\Dazzle-Auto\lib\commons-beanutils-1.9.4.jar;C:\Users\kavindu\Documents\NetBeansProjects\Dazzle-Auto\lib\commons-collections-2.1.jar;C:\Users\kavindu\Documents\NetBeansProjects\Dazzle-Auto\lib\commons-collections4-4.4.jar;C:\Users\kavindu\Documents\NetBeansProjects\Dazzle-Auto\lib\commons-digester-2.1.jar;C:\Users\kavindu\Documents\NetBeansProjects\Dazzle-Auto\lib\commons-logging-1.0.2.jar;C:\Users\kavindu\Documents\NetBeansProjects\Dazzle-Auto\lib\commons-logging-1.2.jar;C:\Users\kavindu\Documents\NetBeansProjects\Dazzle-Auto\lib\jackson-annotations-2.17.2.jar;C:\Users\kavindu\Documents\NetBeansProjects\Dazzle-Auto\lib\jackson-core-2.17.2.jar;C:\Users\kavindu\Documents\NetBeansProjects\Dazzle-Auto\lib\jackson-databind-2.17.2.jar;C:\Users\kavindu\Documents\NetBeansProjects\Dazzle-Auto\lib\jackson-dataformat-xml-2.17.2.jar;C:\Users\kavindu\Documents\NetBeansProjects\Dazzle-Auto\lib\jasperreports-7.0.0.jar;C:\Users\kavindu\Documents\NetBeansProjects\Dazzle-Auto\lib\jasperreports-data-adapters-7.0.0.jar;C:\Users\kavindu\Documents\NetBeansProjects\Dazzle-Auto\lib\jasperreports-excel-poi-7.0.0.jar;C:\Users\kavindu\Documents\NetBeansProjects\Dazzle-Auto\lib\jasperreports-extensions-1.3.1.jar;C:\Users\kavindu\Documents\NetBeansProjects\Dazzle-Auto\lib\jasperreports-pdf-7.0.0.jar;C:\Users\kavindu\Documents\NetBeansProjects\Dazzle-Auto\lib\jna-5.5.0.jar;C:\Users\kavindu\Documents\NetBeansProjects\Dazzle-Auto\lib\openpdf-2.0.3.jar;C:\Users\kavindu\Documents\NetBeansProjects\Dazzle-Auto\lib\poi-3.10.1.jar;C:\Users\kavindu\Documents\NetBeansProjects\Dazzle-Auto\lib\stax2-api-3.0.1.jar;C:\Users\kavindu\Documents\NetBeansProjects\Dazzle-Auto\lib\AbsoluteLayout-RELEASE210.jar;C:\Users\kavindu\Documents\NetBeansProjects\Dazzle-Auto\lib\gson-2.10.1.jar;C:\Users\kavindu\Documents\NetBeansProjects\Dazzle-Auto\lib\jcalendar-1.4.jar;C:\Users\kavindu\Documents\NetBeansProjects\Dazzle-Auto\lib\webcam-capture-0.3.12.jar;C:\Users\kavindu\Documents\NetBeansProjects\Dazzle-Auto\lib\bridj-0.6.2-windows-only.jar;C:\Users\kavindu\Documents\NetBeansProjects\Dazzle-Auto\lib\bridj-0.7.0.jar;C:\Users\kavindu\Documents\NetBeansProjects\Dazzle-Auto\lib\core-2.0.jar;C:\Users\kavindu\Documents\NetBeansProjects\Dazzle-Auto\lib\core-3.3.0.jar;C:\Users\kavindu\Documents\NetBeansProjects\Dazzle-Auto\lib\dx-1.7.jar;C:\Users\kavindu\Documents\NetBeansProjects\Dazzle-Auto\lib\javase-2.0.jar;C:\Users\kavindu\Documents\NetBeansProjects\Dazzle-Auto\lib\javase-3.3.0.jar;C:\Users\kavindu\Documents\NetBeansProjects\Dazzle-Auto\lib\log4j-1.2.17.jar;C:\Users\kavindu\Documents\NetBeansProjects\Dazzle-Auto\lib\slf4j-api-1.6.2.jar;C:\Users\kavindu\Documents\NetBeansProjects\Dazzle-Auto\lib\slf4j-log4j12-1.6.2.jar;C:\Users\kavindu\Documents\NetBeansProjects\Dazzle-Auto\build\classes
Launcher Type: SUN_STANDARD

[Global flags]
     intx CICompilerCount                          = 3                                         {product} {ergonomic}
     uint ConcGCThreads                            = 1                                         {product} {ergonomic}
     uint G1ConcRefinementThreads                  = 4                                         {product} {ergonomic}
   size_t G1HeapRegionSize                         = 2097152                                   {product} {ergonomic}
   size_t InitialHeapSize                          = 167772160                                 {product} {ergonomic}
   size_t MarkStackSize                            = 4194304                                   {product} {ergonomic}
   size_t MaxHeapSize                              = 2682257408                                {product} {ergonomic}
   size_t MaxNewSize                               = 1608515584                                {product} {ergonomic}
   size_t MinHeapDeltaBytes                        = 2097152                                   {product} {ergonomic}
   size_t MinHeapSize                              = 8388608                                   {product} {ergonomic}
    uintx NonNMethodCodeHeapSize                   = 5832780                                {pd product} {ergonomic}
    uintx NonProfiledCodeHeapSize                  = 122912730                              {pd product} {ergonomic}
    uintx ProfiledCodeHeapSize                     = 122912730                              {pd product} {ergonomic}
    uintx ReservedCodeCacheSize                    = 251658240                              {pd product} {ergonomic}
     bool SegmentedCodeCache                       = true                                      {product} {ergonomic}
   size_t SoftMaxHeapSize                          = 2682257408                             {manageable} {ergonomic}
     bool UseCompressedOops                        = true                           {product lp64_product} {ergonomic}
     bool UseG1GC                                  = true                                      {product} {ergonomic}
     bool UseLargePagesIndividualAllocation        = false                                  {pd product} {ergonomic}

Logging:
Log output configuration:
 #0: stdout all=warning uptime,level,tags foldmultilines=false
 #1: stderr all=off uptime,level,tags foldmultilines=false

Environment Variables:
JAVA_HOME=C:\Program Files\Java\jdk-22
PATH=C:\Program Files\Common Files\Oracle\Java\javapath;C:\ProgramData\Oracle\Java\javapath;C:\WINDOWS\system32;C:\WINDOWS;C:\WINDOWS\System32\Wbem;C:\WINDOWS\System32\WindowsPowerShell\v1.0\;C:\WINDOWS\System32\OpenSSH\;C:\Program Files (x86)\NVIDIA Corporation\PhysX\Common;C:\Program Files\NVIDIA Corporation\NVIDIA NvDLISR;C:\WINDOWS\system32;C:\WINDOWS;C:\WINDOWS\System32\Wbem;C:\WINDOWS\System32\WindowsPowerShell\v1.0\;C:\WINDOWS\System32\OpenSSH\;C:\Program Files\nodejs\;K:\xampp\php;C:\Program Files\Java\jdk1.8.0_111\bin;C:\Program Files\Git\cmd;C:\Program Files\Java\jdk-17\bin;C:\Users\kavindu\.config\herd\bin\nvm;C:\Program Files\nodejs;C:\Program Files\Docker\Docker\resources\bin;C:\ProgramData\ComposerSetup\bin;C:\Program Files\MySQL\MySQL Shell 8.0\bin\;J:\Installed sft\Python\Python312\Scripts\;J:\Installed sft\Python\Python312\;J:\Installed sft\xampp\php;C:\Users\kavindu\AppData\Roaming\npm;K:\IntelliJ IDEA 2024.1.4\bin;;C:\Program Files\Java\jdk-22\bin;C:\apache-maven-3.9.9\bin;J:\Installed sft\IntelliJ IDEA Community Edition 2024.2.1\bin;;C:\Users\kavindu\AppData\Roaming\Composer\vendor\bin;C:\Users\kavindu\AppData\Local\Programs\Microsoft VS Code\bin;C:\Program Files\MySQL\MySQL Server 8.0\bin;C:\Users\kavindu\AppData\Local\GitHubDesktop\bin;J:\Installed sft\miniconda3\;J:\Installed sft\ffmpeg\bin;
USERNAME=kavindu
OS=Windows_NT
PROCESSOR_IDENTIFIER=Intel64 Family 6 Model 42 Stepping 7, GenuineIntel
TMP=C:\Users\kavindu\AppData\Local\Temp
TEMP=C:\Users\kavindu\AppData\Local\Temp




Periodic native trim disabled

---------------  S Y S T E M  ---------------

OS:
 Windows 10 , 64 bit Build 19041 (10.0.19041.5072)
OS uptime: 3 days 6:30 hours
Hyper-V role detected

CPU: total 4 (initial active 4) (4 cores per cpu, 1 threads per core) family 6 model 42 stepping 7 microcode 0x2f, cx8, cmov, fxsr, mmx, sse, sse2, sse3, ssse3, sse4.1, sse4.2, popcnt, tsc, tscinvbit, avx, clmul, vzeroupper, clflush, hv, rdtscp
Processor Information for all 4 processors :
  Max Mhz: 3001, Current Mhz: 3001, Mhz Limit: 3001

Memory: 4k page, system-wide physical 10230M (3532M free)
TotalPageFile size 23965M (AvailPageFile size 13558M)
current process WorkingSet (physical memory assigned to process): 119M, peak: 127M
current process commit charge ("private bytes"): 175M, peak: 281M

vm_info: Java HotSpot(TM) 64-Bit Server VM (22.0.2+9-70) for windows-amd64 JRE (22.0.2+9-70), built on 2024-06-04T16:52:23Z by "mach5one" with MS VC++ 17.6 (VS2022)

END.
